mode: set
github.com\Chronokeeper\activego\odbc_driver.go:21.82,25.23 3 0
github.com\Chronokeeper\activego\odbc_driver.go:34.2,34.18 1 0
github.com\Chronokeeper\activego\odbc_driver.go:37.2,37.59 1 0
github.com\Chronokeeper\activego\odbc_driver.go:25.23,27.19 2 0
github.com\Chronokeeper\activego\odbc_driver.go:27.19,28.34 1 0
github.com\Chronokeeper\activego\odbc_driver.go:29.4,30.19 1 0
github.com\Chronokeeper\activego\odbc_driver.go:34.18,36.3 1 0
github.com\Chronokeeper\activego\oracle_dialect.go:508.92,510.2 1 0
github.com\Chronokeeper\activego\oracle_dialect.go:512.50,514.32 2 0
github.com\Chronokeeper\activego\oracle_dialect.go:533.2,535.13 3 0
github.com\Chronokeeper\activego\oracle_dialect.go:540.2,540.12 1 0
github.com\Chronokeeper\activego\oracle_dialect.go:515.2,516.17 1 0
github.com\Chronokeeper\activego\oracle_dialect.go:517.2,518.19 1 0
github.com\Chronokeeper\activego\oracle_dialect.go:519.2,520.23 1 0
github.com\Chronokeeper\activego\oracle_dialect.go:521.2,522.35 1 0
github.com\Chronokeeper\activego\oracle_dialect.go:523.2,524.17 1 0
github.com\Chronokeeper\activego\oracle_dialect.go:525.2,526.15 1 0
github.com\Chronokeeper\activego\oracle_dialect.go:527.2,528.19 1 0
github.com\Chronokeeper\activego\oracle_dialect.go:529.2,530.10 1 0
github.com\Chronokeeper\activego\oracle_dialect.go:535.13,537.3 1 0
github.com\Chronokeeper\activego\oracle_dialect.go:537.3,537.20 1 0
github.com\Chronokeeper\activego\oracle_dialect.go:537.20,539.3 1 0
github.com\Chronokeeper\activego\oracle_dialect.go:543.40,545.2 1 0
github.com\Chronokeeper\activego\oracle_dialect.go:547.44,549.2 1 0
github.com\Chronokeeper\activego\oracle_dialect.go:551.48,554.2 2 0
github.com\Chronokeeper\activego\oracle_dialect.go:556.45,558.2 1 0
github.com\Chronokeeper\activego\oracle_dialect.go:560.37,562.2 1 0
github.com\Chronokeeper\activego\oracle_dialect.go:564.40,566.2 1 0
github.com\Chronokeeper\activego\oracle_dialect.go:568.41,570.2 1 0
github.com\Chronokeeper\activego\oracle_dialect.go:572.46,574.2 1 0
github.com\Chronokeeper\activego\oracle_dialect.go:576.39,578.2 1 0
github.com\Chronokeeper\activego\oracle_dialect.go:580.57,582.2 1 0
github.com\Chronokeeper\activego\oracle_dialect.go:584.99,587.21 3 0
github.com\Chronokeeper\activego\oracle_dialect.go:591.2,595.45 3 0
github.com\Chronokeeper\activego\oracle_dialect.go:606.2,606.21 1 0
github.com\Chronokeeper\activego\oracle_dialect.go:612.2,613.44 2 0
github.com\Chronokeeper\activego\oracle_dialect.go:616.2,616.24 1 0
github.com\Chronokeeper\activego\oracle_dialect.go:624.2,624.12 1 0
github.com\Chronokeeper\activego\oracle_dialect.go:587.21,589.3 1 0
github.com\Chronokeeper\activego\oracle_dialect.go:595.45,604.3 4 0
github.com\Chronokeeper\activego\oracle_dialect.go:606.21,610.3 3 0
github.com\Chronokeeper\activego\oracle_dialect.go:613.44,615.3 1 0
github.com\Chronokeeper\activego\oracle_dialect.go:616.24,617.24 1 0
github.com\Chronokeeper\activego\oracle_dialect.go:620.3,620.23 1 0
github.com\Chronokeeper\activego\oracle_dialect.go:617.24,619.4 1 0
github.com\Chronokeeper\activego\oracle_dialect.go:620.23,622.4 1 0
github.com\Chronokeeper\activego\oracle_dialect.go:627.84,631.2 2 0
github.com\Chronokeeper\activego\oracle_dialect.go:633.75,636.2 2 0
github.com\Chronokeeper\activego\oracle_dialect.go:638.57,640.22 2 0
github.com\Chronokeeper\activego\oracle_dialect.go:644.2,645.16 2 0
github.com\Chronokeeper\activego\oracle_dialect.go:648.2,650.18 2 0
github.com\Chronokeeper\activego\oracle_dialect.go:654.2,655.22 2 0
github.com\Chronokeeper\activego\oracle_dialect.go:658.2,659.12 2 0
github.com\Chronokeeper\activego\oracle_dialect.go:640.22,642.3 1 0
github.com\Chronokeeper\activego\oracle_dialect.go:645.16,647.3 1 0
github.com\Chronokeeper\activego\oracle_dialect.go:650.18,652.3 1 0
github.com\Chronokeeper\activego\oracle_dialect.go:655.22,657.3 1 0
github.com\Chronokeeper\activego\oracle_dialect.go:668.83,673.22 4 0
github.com\Chronokeeper\activego\oracle_dialect.go:676.2,676.16 1 0
github.com\Chronokeeper\activego\oracle_dialect.go:679.2,681.17 2 0
github.com\Chronokeeper\activego\oracle_dialect.go:684.2,684.19 1 0
github.com\Chronokeeper\activego\oracle_dialect.go:673.22,675.3 1 0
github.com\Chronokeeper\activego\oracle_dialect.go:676.16,678.3 1 0
github.com\Chronokeeper\activego\oracle_dialect.go:681.17,683.3 1 0
github.com\Chronokeeper\activego\oracle_dialect.go:687.91,693.22 4 0
github.com\Chronokeeper\activego\oracle_dialect.go:696.2,696.16 1 0
github.com\Chronokeeper\activego\oracle_dialect.go:699.2,703.18 4 0
github.com\Chronokeeper\activego\oracle_dialect.go:784.2,784.26 1 0
github.com\Chronokeeper\activego\oracle_dialect.go:693.22,695.3 1 0
github.com\Chronokeeper\activego\oracle_dialect.go:696.16,698.3 1 0
github.com\Chronokeeper\activego\oracle_dialect.go:703.18,712.17 6 0
github.com\Chronokeeper\activego\oracle_dialect.go:716.3,717.24 2 0
github.com\Chronokeeper\activego\oracle_dialect.go:722.3,722.23 1 0
github.com\Chronokeeper\activego\oracle_dialect.go:728.3,734.19 6 0
github.com\Chronokeeper\activego\oracle_dialect.go:744.3,744.13 1 0
github.com\Chronokeeper\activego\oracle_dialect.go:765.3,765.13 1 0
github.com\Chronokeeper\activego\oracle_dialect.go:769.3,769.52 1 0
github.com\Chronokeeper\activego\oracle_dialect.go:773.3,775.51 2 0
github.com\Chronokeeper\activego\oracle_dialect.go:780.3,781.36 2 0
github.com\Chronokeeper\activego\oracle_dialect.go:712.17,714.4 1 0
github.com\Chronokeeper\activego\oracle_dialect.go:717.24,720.4 2 0
github.com\Chronokeeper\activego\oracle_dialect.go:722.23,724.4 1 0
github.com\Chronokeeper\activego\oracle_dialect.go:724.4,726.4 1 0
github.com\Chronokeeper\activego\oracle_dialect.go:734.19,736.21 2 0
github.com\Chronokeeper\activego\oracle_dialect.go:736.21,739.5 2 0
github.com\Chronokeeper\activego\oracle_dialect.go:739.5,741.5 1 0
github.com\Chronokeeper\activego\oracle_dialect.go:745.3,746.56 1 0
github.com\Chronokeeper\activego\oracle_dialect.go:747.3,748.57 1 0
github.com\Chronokeeper\activego\oracle_dialect.go:749.3,750.53 1 0
github.com\Chronokeeper\activego\oracle_dialect.go:751.3,752.55 1 0
github.com\Chronokeeper\activego\oracle_dialect.go:753.3,754.47 1 0
github.com\Chronokeeper\activego\oracle_dialect.go:755.3,756.49 1 0
github.com\Chronokeeper\activego\oracle_dialect.go:757.3,758.51 1 0
github.com\Chronokeeper\activego\oracle_dialect.go:759.3,760.17 1 0
github.com\Chronokeeper\activego\oracle_dialect.go:761.3,762.63 1 0
github.com\Chronokeeper\activego\oracle_dialect.go:765.13,766.12 1 0
github.com\Chronokeeper\activego\oracle_dialect.go:769.52,771.4 1 0
github.com\Chronokeeper\activego\oracle_dialect.go:775.51,776.27 1 0
github.com\Chronokeeper\activego\oracle_dialect.go:776.27,778.5 1 0
github.com\Chronokeeper\activego\oracle_dialect.go:787.54,792.22 4 0
github.com\Chronokeeper\activego\oracle_dialect.go:795.2,795.16 1 0
github.com\Chronokeeper\activego\oracle_dialect.go:798.2,801.18 3 0
github.com\Chronokeeper\activego\oracle_dialect.go:810.2,810.20 1 0
github.com\Chronokeeper\activego\oracle_dialect.go:792.22,794.3 1 0
github.com\Chronokeeper\activego\oracle_dialect.go:795.16,797.3 1 0
github.com\Chronokeeper\activego\oracle_dialect.go:801.18,804.17 3 0
github.com\Chronokeeper\activego\oracle_dialect.go:808.3,808.33 1 0
github.com\Chronokeeper\activego\oracle_dialect.go:804.17,806.4 1 0
github.com\Chronokeeper\activego\oracle_dialect.go:813.80,819.22 4 0
github.com\Chronokeeper\activego\oracle_dialect.go:822.2,822.16 1 0
github.com\Chronokeeper\activego\oracle_dialect.go:825.2,828.18 3 0
github.com\Chronokeeper\activego\oracle_dialect.go:855.2,855.21 1 0
github.com\Chronokeeper\activego\oracle_dialect.go:819.22,821.3 1 0
github.com\Chronokeeper\activego\oracle_dialect.go:822.16,824.3 1 0
github.com\Chronokeeper\activego\oracle_dialect.go:828.18,833.17 4 0
github.com\Chronokeeper\activego\oracle_dialect.go:837.3,839.29 2 0
github.com\Chronokeeper\activego\oracle_dialect.go:845.3,847.42 3 0
github.com\Chronokeeper\activego\oracle_dialect.go:853.3,853.27 1 0
github.com\Chronokeeper\activego\oracle_dialect.go:833.17,835.4 1 0
github.com\Chronokeeper\activego\oracle_dialect.go:839.29,841.4 1 0
github.com\Chronokeeper\activego\oracle_dialect.go:841.4,843.4 1 0
github.com\Chronokeeper\activego\oracle_dialect.go:847.42,852.4 4 0
github.com\Chronokeeper\activego\oracle_dialect.go:858.43,860.2 1 0
github.com\Chronokeeper\activego\xormplus.go:14.75,16.2 1 0
github.com\Chronokeeper\activego\xormplus.go:18.74,20.2 1 0
github.com\Chronokeeper\activego\xormplus.go:22.74,24.2 1 0
github.com\Chronokeeper\activego\xormplus.go:26.60,28.2 1 1
github.com\Chronokeeper\activego\xormplus.go:30.57,32.2 1 0
github.com\Chronokeeper\activego\xormplus.go:34.71,36.2 1 0
github.com\Chronokeeper\activego\memroy_store.go:21.36,23.2 1 1
github.com\Chronokeeper\activego\memroy_store.go:25.64,30.2 4 0
github.com\Chronokeeper\activego\memroy_store.go:32.60,35.31 3 0
github.com\Chronokeeper\activego\memroy_store.go:39.2,39.25 1 0
github.com\Chronokeeper\activego\memroy_store.go:35.31,37.3 1 0
github.com\Chronokeeper\activego\memroy_store.go:42.45,47.2 4 0
github.com\Chronokeeper\activego\helpersplus.go:11.110,14.19 3 0
github.com\Chronokeeper\activego\helpersplus.go:56.2,56.8 1 0
github.com\Chronokeeper\activego\helpersplus.go:15.2,16.19 1 0
github.com\Chronokeeper\activego\helpersplus.go:17.2,18.20 1 0
github.com\Chronokeeper\activego\helpersplus.go:19.2,20.21 1 0
github.com\Chronokeeper\activego\helpersplus.go:21.2,22.22 1 0
github.com\Chronokeeper\activego\helpersplus.go:23.2,24.27 1 0
github.com\Chronokeeper\activego\helpersplus.go:34.2,35.26 1 0
github.com\Chronokeeper\activego\helpersplus.go:42.2,43.20 1 0
github.com\Chronokeeper\activego\helpersplus.go:44.2,45.23 1 0
github.com\Chronokeeper\activego\helpersplus.go:53.2,54.67 1 0
github.com\Chronokeeper\activego\helpersplus.go:25.3,29.24 2 0
github.com\Chronokeeper\activego\helpersplus.go:30.3,31.68 1 0
github.com\Chronokeeper\activego\helpersplus.go:35.26,39.4 1 0
github.com\Chronokeeper\activego\helpersplus.go:39.4,41.4 1 0
github.com\Chronokeeper\activego\helpersplus.go:59.107,61.16 2 0
github.com\Chronokeeper\activego\helpersplus.go:64.2,64.8 1 0
github.com\Chronokeeper\activego\helpersplus.go:61.16,63.3 1 0
github.com\Chronokeeper\activego\helpersplus.go:67.123,69.16 2 0
github.com\Chronokeeper\activego\helpersplus.go:72.2,72.18 1 0
github.com\Chronokeeper\activego\helpersplus.go:80.2,80.26 1 0
github.com\Chronokeeper\activego\helpersplus.go:69.16,71.3 1 0
github.com\Chronokeeper\activego\helpersplus.go:72.18,74.17 2 0
github.com\Chronokeeper\activego\helpersplus.go:77.3,77.46 1 0
github.com\Chronokeeper\activego\helpersplus.go:74.17,76.4 1 0
github.com\Chronokeeper\activego\helpersplus.go:83.135,86.35 3 0
github.com\Chronokeeper\activego\helpersplus.go:90.2,90.59 1 0
github.com\Chronokeeper\activego\helpersplus.go:94.2,94.30 1 0
github.com\Chronokeeper\activego\helpersplus.go:110.2,110.20 1 0
github.com\Chronokeeper\activego\helpersplus.go:86.35,89.3 2 0
github.com\Chronokeeper\activego\helpersplus.go:90.59,92.3 1 0
github.com\Chronokeeper\activego\helpersplus.go:94.30,97.34 2 0
github.com\Chronokeeper\activego\helpersplus.go:102.3,102.81 1 0
github.com\Chronokeeper\activego\helpersplus.go:97.34,99.12 1 0
github.com\Chronokeeper\activego\helpersplus.go:102.81,105.4 1 0
github.com\Chronokeeper\activego\helpersplus.go:105.4,107.4 1 0
github.com\Chronokeeper\activego\helpersplus.go:113.118,115.16 2 0
github.com\Chronokeeper\activego\helpersplus.go:118.2,120.30 2 0
github.com\Chronokeeper\activego\helpersplus.go:115.16,117.3 1 0
github.com\Chronokeeper\activego\helpersplus.go:123.150,125.16 2 0
github.com\Chronokeeper\activego\helpersplus.go:128.2,130.56 2 0
github.com\Chronokeeper\activego\helpersplus.go:125.16,127.3 1 0
github.com\Chronokeeper\activego\helpersplus.go:133.116,135.16 2 0
github.com\Chronokeeper\activego\helpersplus.go:138.2,142.16 3 0
github.com\Chronokeeper\activego\helpersplus.go:145.2,146.30 2 0
github.com\Chronokeeper\activego\helpersplus.go:135.16,137.3 1 0
github.com\Chronokeeper\activego\helpersplus.go:142.16,144.3 1 0
github.com\Chronokeeper\activego\helpersplus.go:149.148,151.16 2 0
github.com\Chronokeeper\activego\helpersplus.go:154.2,157.16 3 0
github.com\Chronokeeper\activego\helpersplus.go:160.2,161.56 2 0
github.com\Chronokeeper\activego\helpersplus.go:151.16,153.3 1 0
github.com\Chronokeeper\activego\helpersplus.go:157.16,159.3 1 0
github.com\Chronokeeper\activego\logger.go:29.51,31.2 1 1
github.com\Chronokeeper\activego\logger.go:33.77,35.2 1 1
github.com\Chronokeeper\activego\logger.go:37.94,45.2 1 1
github.com\Chronokeeper\activego\logger.go:47.58,48.55 1 0
github.com\Chronokeeper\activego\logger.go:51.2,51.8 1 0
github.com\Chronokeeper\activego\logger.go:48.55,50.3 1 0
github.com\Chronokeeper\activego\logger.go:54.74,55.55 1 0
github.com\Chronokeeper\activego\logger.go:58.2,58.8 1 0
github.com\Chronokeeper\activego\logger.go:55.55,57.3 1 0
github.com\Chronokeeper\activego\logger.go:61.60,62.57 1 0
github.com\Chronokeeper\activego\logger.go:65.2,65.8 1 0
github.com\Chronokeeper\activego\logger.go:62.57,64.3 1 0
github.com\Chronokeeper\activego\logger.go:68.76,69.57 1 0
github.com\Chronokeeper\activego\logger.go:72.2,72.8 1 0
github.com\Chronokeeper\activego\logger.go:69.57,71.3 1 0
github.com\Chronokeeper\activego\logger.go:75.59,76.56 1 0
github.com\Chronokeeper\activego\logger.go:79.2,79.8 1 0
github.com\Chronokeeper\activego\logger.go:76.56,78.3 1 0
github.com\Chronokeeper\activego\logger.go:82.75,83.56 1 0
github.com\Chronokeeper\activego\logger.go:86.2,86.8 1 0
github.com\Chronokeeper\activego\logger.go:83.56,85.3 1 0
github.com\Chronokeeper\activego\logger.go:89.62,90.59 1 0
github.com\Chronokeeper\activego\logger.go:93.2,93.8 1 0
github.com\Chronokeeper\activego\logger.go:90.59,92.3 1 0
github.com\Chronokeeper\activego\logger.go:96.78,97.59 1 0
github.com\Chronokeeper\activego\logger.go:100.2,100.8 1 0
github.com\Chronokeeper\activego\logger.go:97.59,99.3 1 0
github.com\Chronokeeper\activego\logger.go:103.46,105.2 1 0
github.com\Chronokeeper\activego\logger.go:107.62,110.2 2 0
github.com\Chronokeeper\activego\mysql_driver.go:21.83,33.32 5 0
github.com\Chronokeeper\activego\mysql_driver.go:53.2,53.17 1 0
github.com\Chronokeeper\activego\mysql_driver.go:33.32,34.19 1 0
github.com\Chronokeeper\activego\mysql_driver.go:35.3,36.22 1 0
github.com\Chronokeeper\activego\mysql_driver.go:37.3,38.22 1 0
github.com\Chronokeeper\activego\mysql_driver.go:38.22,40.28 2 0
github.com\Chronokeeper\activego\mysql_driver.go:40.28,42.26 2 0
github.com\Chronokeeper\activego\mysql_driver.go:42.26,43.24 1 0
github.com\Chronokeeper\activego\mysql_driver.go:44.7,45.31 1 0
github.com\Chronokeeper\activego\oci8_driver.go:23.82,31.32 5 0
github.com\Chronokeeper\activego\oci8_driver.go:37.2,37.21 1 0
github.com\Chronokeeper\activego\oci8_driver.go:40.2,40.16 1 0
github.com\Chronokeeper\activego\oci8_driver.go:31.32,32.19 1 0
github.com\Chronokeeper\activego\oci8_driver.go:33.3,34.21 1 0
github.com\Chronokeeper\activego\oci8_driver.go:37.21,39.3 1 0
github.com\Chronokeeper\activego\session.go:52.32,66.2 11 1
github.com\Chronokeeper\activego\session.go:69.33,70.38 1 1
github.com\Chronokeeper\activego\session.go:74.2,74.23 1 1
github.com\Chronokeeper\activego\session.go:70.38,72.3 1 1
github.com\Chronokeeper\activego\session.go:74.23,77.59 1 1
github.com\Chronokeeper\activego\session.go:80.3,83.19 4 1
github.com\Chronokeeper\activego\session.go:77.59,79.4 1 0
github.com\Chronokeeper\activego\session.go:87.42,88.32 1 1
github.com\Chronokeeper\activego\session.go:88.32,90.3 1 1
github.com\Chronokeeper\activego\session.go:95.79,98.2 2 0
github.com\Chronokeeper\activego\session.go:101.81,104.2 2 0
github.com\Chronokeeper\activego\session.go:107.79,110.2 2 0
github.com\Chronokeeper\activego\session.go:113.78,116.2 2 0
github.com\Chronokeeper\activego\session.go:119.53,122.2 2 1
github.com\Chronokeeper\activego\session.go:125.69,126.21 1 0
github.com\Chronokeeper\activego\session.go:129.2,129.16 1 0
github.com\Chronokeeper\activego\session.go:126.21,128.3 1 0
github.com\Chronokeeper\activego\session.go:133.68,134.21 1 0
github.com\Chronokeeper\activego\session.go:137.2,137.16 1 0
github.com\Chronokeeper\activego\session.go:134.21,136.3 1 0
github.com\Chronokeeper\activego\session.go:141.69,144.2 2 0
github.com\Chronokeeper\activego\session.go:147.54,150.2 2 0
github.com\Chronokeeper\activego\session.go:153.73,156.2 2 0
github.com\Chronokeeper\activego\session.go:159.74,162.2 2 0
github.com\Chronokeeper\activego\session.go:165.74,168.2 2 0
github.com\Chronokeeper\activego\session.go:171.76,174.2 2 0
github.com\Chronokeeper\activego\session.go:177.58,180.2 2 0
github.com\Chronokeeper\activego\session.go:182.44,185.2 2 0
github.com\Chronokeeper\activego\session.go:187.62,190.2 2 0
github.com\Chronokeeper\activego\session.go:192.46,195.2 2 0
github.com\Chronokeeper\activego\session.go:202.61,205.2 2 0
github.com\Chronokeeper\activego\session.go:210.62,213.2 2 0
github.com\Chronokeeper\activego\session.go:216.58,219.2 2 0
github.com\Chronokeeper\activego\session.go:223.47,226.2 2 0
github.com\Chronokeeper\activego\session.go:229.65,232.2 2 0
github.com\Chronokeeper\activego\session.go:236.56,239.2 2 0
github.com\Chronokeeper\activego\session.go:242.59,245.2 2 0
github.com\Chronokeeper\activego\session.go:248.58,251.2 2 0
github.com\Chronokeeper\activego\session.go:254.66,257.2 2 0
github.com\Chronokeeper\activego\session.go:260.58,263.2 2 0
github.com\Chronokeeper\activego\session.go:266.63,267.27 1 0
github.com\Chronokeeper\activego\session.go:270.2,270.16 1 0
github.com\Chronokeeper\activego\session.go:267.27,269.3 1 0
github.com\Chronokeeper\activego\session.go:275.44,278.2 2 0
github.com\Chronokeeper\activego\session.go:281.102,284.2 2 0
github.com\Chronokeeper\activego\session.go:287.55,290.2 2 0
github.com\Chronokeeper\activego\session.go:293.60,296.2 2 0
github.com\Chronokeeper\activego\session.go:298.39,299.23 1 1
github.com\Chronokeeper\activego\session.go:303.2,303.19 1 1
github.com\Chronokeeper\activego\session.go:299.23,302.3 2 1
github.com\Chronokeeper\activego\session.go:307.39,308.26 1 0
github.com\Chronokeeper\activego\session.go:319.2,319.12 1 0
github.com\Chronokeeper\activego\session.go:308.26,310.17 2 0
github.com\Chronokeeper\activego\session.go:313.3,317.45 4 0
github.com\Chronokeeper\activego\session.go:310.17,312.4 1 0
github.com\Chronokeeper\activego\session.go:323.42,324.62 1 0
github.com\Chronokeeper\activego\session.go:329.2,329.12 1 0
github.com\Chronokeeper\activego\session.go:324.62,328.3 3 0
github.com\Chronokeeper\activego\session.go:333.40,334.62 1 0
github.com\Chronokeeper\activego\session.go:382.2,382.12 1 0
github.com\Chronokeeper\activego\session.go:334.62,338.44 4 0
github.com\Chronokeeper\activego\session.go:380.3,380.13 1 0
github.com\Chronokeeper\activego\session.go:338.44,341.80 1 0
github.com\Chronokeeper\activego\session.go:350.4,350.60 1 0
github.com\Chronokeeper\activego\session.go:357.4,357.60 1 0
github.com\Chronokeeper\activego\session.go:364.4,364.60 1 0
github.com\Chronokeeper\activego\session.go:371.4,371.70 1 0
github.com\Chronokeeper\activego\session.go:376.4,378.42 3 0
github.com\Chronokeeper\activego\session.go:341.80,343.27 1 0
github.com\Chronokeeper\activego\session.go:343.27,344.43 1 0
github.com\Chronokeeper\activego\session.go:344.43,346.7 1 0
github.com\Chronokeeper\activego\session.go:350.60,353.70 2 0
github.com\Chronokeeper\activego\session.go:353.70,355.6 1 0
github.com\Chronokeeper\activego\session.go:357.60,360.70 2 0
github.com\Chronokeeper\activego\session.go:360.70,362.6 1 0
github.com\Chronokeeper\activego\session.go:364.60,367.70 2 0
github.com\Chronokeeper\activego\session.go:367.70,369.6 1 0
github.com\Chronokeeper\activego\session.go:371.70,372.25 1 0
github.com\Chronokeeper\activego\session.go:372.25,374.6 1 0
github.com\Chronokeeper\activego\session.go:385.61,386.22 1 0
github.com\Chronokeeper\activego\session.go:386.22,388.3 1 0
github.com\Chronokeeper\activego\session.go:391.92,393.41 2 0
github.com\Chronokeeper\activego\session.go:397.2,400.32 3 0
github.com\Chronokeeper\activego\session.go:433.2,433.12 1 0
github.com\Chronokeeper\activego\session.go:393.41,395.3 1 0
github.com\Chronokeeper\activego\session.go:400.32,401.45 1 0
github.com\Chronokeeper\activego\session.go:407.3,410.25 4 0
github.com\Chronokeeper\activego\session.go:421.3,421.52 1 0
github.com\Chronokeeper\activego\session.go:427.3,428.17 2 0
github.com\Chronokeeper\activego\session.go:401.45,404.12 2 0
github.com\Chronokeeper\activego\session.go:410.25,412.12 2 0
github.com\Chronokeeper\activego\session.go:413.4,413.33 1 0
github.com\Chronokeeper\activego\session.go:413.33,415.29 2 0
github.com\Chronokeeper\activego\session.go:415.29,417.5 1 0
github.com\Chronokeeper\activego\session.go:418.4,420.4 1 0
github.com\Chronokeeper\activego\session.go:421.52,424.12 2 0
github.com\Chronokeeper\activego\session.go:428.17,430.4 1 0
github.com\Chronokeeper\activego\session.go:437.91,439.16 2 0
github.com\Chronokeeper\activego\session.go:444.2,445.16 2 0
github.com\Chronokeeper\activego\session.go:448.2,448.17 1 0
github.com\Chronokeeper\activego\session.go:439.16,441.3 1 0
github.com\Chronokeeper\activego\session.go:445.16,447.3 1 0
github.com\Chronokeeper\activego\session.go:451.86,452.58 1 0
github.com\Chronokeeper\activego\session.go:456.2,458.85 2 0
github.com\Chronokeeper\activego\session.go:452.58,454.3 1 0
github.com\Chronokeeper\activego\session.go:458.85,459.27 1 0
github.com\Chronokeeper\activego\session.go:469.3,469.42 1 0
github.com\Chronokeeper\activego\session.go:459.27,461.54 1 0
github.com\Chronokeeper\activego\session.go:467.4,467.45 1 0
github.com\Chronokeeper\activego\session.go:461.54,466.5 4 0
github.com\Chronokeeper\activego\session.go:474.86,476.25 2 0
github.com\Chronokeeper\activego\session.go:480.2,480.38 1 0
github.com\Chronokeeper\activego\session.go:476.25,478.3 1 0
github.com\Chronokeeper\activego\session.go:484.61,488.25 3 0
github.com\Chronokeeper\activego\session.go:492.2,492.33 1 0
github.com\Chronokeeper\activego\session.go:488.25,490.3 1 0
github.com\Chronokeeper\activego\session.go:496.63,500.25 3 0
github.com\Chronokeeper\activego\session.go:504.2,505.30 2 0
github.com\Chronokeeper\activego\session.go:511.2,511.12 1 0
github.com\Chronokeeper\activego\session.go:500.25,502.3 1 0
github.com\Chronokeeper\activego\session.go:505.30,507.17 2 0
github.com\Chronokeeper\activego\session.go:507.17,509.4 1 0
github.com\Chronokeeper\activego\session.go:515.63,519.25 3 0
github.com\Chronokeeper\activego\session.go:523.2,524.30 2 0
github.com\Chronokeeper\activego\session.go:530.2,530.12 1 0
github.com\Chronokeeper\activego\session.go:519.25,521.3 1 0
github.com\Chronokeeper\activego\session.go:524.30,526.17 2 0
github.com\Chronokeeper\activego\session.go:526.17,528.4 1 0
github.com\Chronokeeper\activego\session.go:533.48,538.2 4 0
github.com\Chronokeeper\activego\session.go:541.43,543.25 2 0
github.com\Chronokeeper\activego\session.go:547.2,547.46 1 0
github.com\Chronokeeper\activego\session.go:554.2,554.12 1 0
github.com\Chronokeeper\activego\session.go:543.25,545.3 1 0
github.com\Chronokeeper\activego\session.go:547.46,550.17 3 0
github.com\Chronokeeper\activego\session.go:550.17,552.4 1 0
github.com\Chronokeeper\activego\session.go:558.61,560.25 2 0
github.com\Chronokeeper\activego\session.go:564.2,565.30 2 0
github.com\Chronokeeper\activego\session.go:571.2,571.12 1 0
github.com\Chronokeeper\activego\session.go:560.25,562.3 1 0
github.com\Chronokeeper\activego\session.go:565.30,567.17 2 0
github.com\Chronokeeper\activego\session.go:567.17,569.4 1 0
github.com\Chronokeeper\activego\session.go:575.70,577.16 2 0
github.com\Chronokeeper\activego\session.go:581.2,582.51 2 0
github.com\Chronokeeper\activego\session.go:591.2,591.14 1 0
github.com\Chronokeeper\activego\session.go:596.2,596.12 1 0
github.com\Chronokeeper\activego\session.go:577.16,579.3 1 0
github.com\Chronokeeper\activego\session.go:582.51,585.17 3 0
github.com\Chronokeeper\activego\session.go:588.3,588.30 1 0
github.com\Chronokeeper\activego\session.go:585.17,587.4 1 0
github.com\Chronokeeper\activego\session.go:591.14,595.3 3 0
github.com\Chronokeeper\activego\session.go:599.69,601.27 2 0
github.com\Chronokeeper\activego\session.go:605.2,605.37 1 0
github.com\Chronokeeper\activego\session.go:601.27,604.3 1 0
github.com\Chronokeeper\activego\session.go:608.64,609.31 1 0
github.com\Chronokeeper\activego\session.go:622.2,622.11 1 0
github.com\Chronokeeper\activego\session.go:609.31,611.21 2 0
github.com\Chronokeeper\activego\session.go:615.3,617.21 3 0
github.com\Chronokeeper\activego\session.go:620.3,620.60 1 0
github.com\Chronokeeper\activego\session.go:611.21,613.4 1 0
github.com\Chronokeeper\activego\session.go:617.21,619.4 1 0
github.com\Chronokeeper\activego\session.go:625.110,630.21 1 0
github.com\Chronokeeper\activego\session.go:634.2,634.58 1 0
github.com\Chronokeeper\activego\session.go:637.2,638.18 2 0
github.com\Chronokeeper\activego\session.go:642.2,647.16 6 0
github.com\Chronokeeper\activego\session.go:689.2,689.18 1 0
github.com\Chronokeeper\activego\session.go:724.2,724.19 1 0
github.com\Chronokeeper\activego\session.go:630.21,632.3 1 0
github.com\Chronokeeper\activego\session.go:634.58,636.3 1 0
github.com\Chronokeeper\activego\session.go:638.18,640.3 1 0
github.com\Chronokeeper\activego\session.go:647.16,650.17 3 0
github.com\Chronokeeper\activego\session.go:653.3,655.18 2 0
github.com\Chronokeeper\activego\session.go:664.3,665.41 2 0
github.com\Chronokeeper\activego\session.go:679.3,682.17 4 0
github.com\Chronokeeper\activego\session.go:650.17,652.4 1 0
github.com\Chronokeeper\activego\session.go:655.18,657.18 2 0
github.com\Chronokeeper\activego\session.go:657.18,659.5 1 0
github.com\Chronokeeper\activego\session.go:660.4,662.4 1 0
github.com\Chronokeeper\activego\session.go:665.41,666.28 1 0
github.com\Chronokeeper\activego\session.go:666.28,668.5 1 0
github.com\Chronokeeper\activego\session.go:668.5,668.38 1 0
github.com\Chronokeeper\activego\session.go:668.38,670.19 2 0
github.com\Chronokeeper\activego\session.go:673.5,673.14 1 0
github.com\Chronokeeper\activego\session.go:670.19,672.6 1 0
github.com\Chronokeeper\activego\session.go:674.5,676.5 1 0
github.com\Chronokeeper\activego\session.go:682.17,684.4 1 0
github.com\Chronokeeper\activego\session.go:685.3,687.3 1 0
github.com\Chronokeeper\activego\session.go:689.18,694.17 5 0
github.com\Chronokeeper\activego\session.go:697.3,698.23 2 0
github.com\Chronokeeper\activego\session.go:720.3,722.18 2 0
github.com\Chronokeeper\activego\session.go:694.17,696.4 1 0
github.com\Chronokeeper\activego\session.go:698.23,703.44 5 0
github.com\Chronokeeper\activego\session.go:706.4,706.37 1 0
github.com\Chronokeeper\activego\session.go:709.4,710.26 2 0
github.com\Chronokeeper\activego\session.go:714.4,715.45 2 0
github.com\Chronokeeper\activego\session.go:703.44,705.5 1 0
github.com\Chronokeeper\activego\session.go:706.37,708.5 1 0
github.com\Chronokeeper\activego\session.go:710.26,712.5 1 0
github.com\Chronokeeper\activego\session.go:716.4,719.4 2 0
github.com\Chronokeeper\activego\session.go:727.125,731.21 1 0
github.com\Chronokeeper\activego\session.go:735.2,735.58 1 0
github.com\Chronokeeper\activego\session.go:739.2,740.18 2 0
github.com\Chronokeeper\activego\session.go:744.2,747.16 4 0
github.com\Chronokeeper\activego\session.go:797.2,803.27 6 0
github.com\Chronokeeper\activego\session.go:829.2,829.19 1 0
github.com\Chronokeeper\activego\session.go:878.2,878.34 1 0
github.com\Chronokeeper\activego\session.go:915.2,915.12 1 0
github.com\Chronokeeper\activego\session.go:731.21,733.3 1 0
github.com\Chronokeeper\activego\session.go:735.58,737.3 1 0
github.com\Chronokeeper\activego\session.go:740.18,742.3 1 0
github.com\Chronokeeper\activego\session.go:747.16,749.17 2 0
github.com\Chronokeeper\activego\session.go:752.3,756.19 4 0
github.com\Chronokeeper\activego\session.go:786.3,790.17 4 0
github.com\Chronokeeper\activego\session.go:749.17,751.4 1 0
github.com\Chronokeeper\activego\session.go:756.19,758.15 2 0
github.com\Chronokeeper\activego\session.go:762.4,764.18 3 0
github.com\Chronokeeper\activego\session.go:768.4,769.42 2 0
github.com\Chronokeeper\activego\session.go:783.4,783.25 1 0
github.com\Chronokeeper\activego\session.go:758.15,761.5 2 0
github.com\Chronokeeper\activego\session.go:764.18,766.5 1 0
github.com\Chronokeeper\activego\session.go:769.42,770.32 1 0
github.com\Chronokeeper\activego\session.go:770.32,772.20 2 0
github.com\Chronokeeper\activego\session.go:775.6,775.15 1 0
github.com\Chronokeeper\activego\session.go:772.20,774.7 1 0
github.com\Chronokeeper\activego\session.go:776.6,776.36 1 0
github.com\Chronokeeper\activego\session.go:776.36,778.6 1 0
github.com\Chronokeeper\activego\session.go:778.6,780.6 1 0
github.com\Chronokeeper\activego\session.go:790.17,792.4 1 0
github.com\Chronokeeper\activego\session.go:793.3,795.3 1 0
github.com\Chronokeeper\activego\session.go:803.27,805.17 2 0
github.com\Chronokeeper\activego\session.go:808.3,809.18 2 0
github.com\Chronokeeper\activego\session.go:805.17,807.4 1 0
github.com\Chronokeeper\activego\session.go:809.18,812.4 2 0
github.com\Chronokeeper\activego\session.go:812.4,817.18 4 0
github.com\Chronokeeper\activego\session.go:821.4,821.18 1 0
github.com\Chronokeeper\activego\session.go:825.4,825.21 1 0
github.com\Chronokeeper\activego\session.go:817.18,819.5 1 0
github.com\Chronokeeper\activego\session.go:821.18,824.5 2 0
github.com\Chronokeeper\activego\session.go:829.19,836.34 5 0
github.com\Chronokeeper\activego\session.go:854.3,855.17 2 0
github.com\Chronokeeper\activego\session.go:859.3,860.33 2 0
github.com\Chronokeeper\activego\session.go:836.34,838.28 2 0
github.com\Chronokeeper\activego\session.go:842.4,842.46 1 0
github.com\Chronokeeper\activego\session.go:838.28,840.5 1 0
github.com\Chronokeeper\activego\session.go:843.4,845.43 2 0
github.com\Chronokeeper\activego\session.go:848.4,849.28 2 0
github.com\Chronokeeper\activego\session.go:845.43,847.5 1 0
github.com\Chronokeeper\activego\session.go:849.28,851.5 1 0
github.com\Chronokeeper\activego\session.go:855.17,857.4 1 0
github.com\Chronokeeper\activego\session.go:860.33,862.32 2 0
github.com\Chronokeeper\activego\session.go:865.4,868.18 4 0
github.com\Chronokeeper\activego\session.go:872.4,874.40 3 0
github.com\Chronokeeper\activego\session.go:862.32,864.5 1 0
github.com\Chronokeeper\activego\session.go:868.18,870.5 1 0
github.com\Chronokeeper\activego\session.go:878.34,880.18 2 0
github.com\Chronokeeper\activego\session.go:885.3,885.41 1 0
github.com\Chronokeeper\activego\session.go:880.18,883.12 2 0
github.com\Chronokeeper\activego\session.go:885.41,886.31 1 0
github.com\Chronokeeper\activego\session.go:886.31,888.5 1 0
github.com\Chronokeeper\activego\session.go:888.5,890.5 1 0
github.com\Chronokeeper\activego\session.go:891.4,891.46 1 0
github.com\Chronokeeper\activego\session.go:891.46,895.21 4 0
github.com\Chronokeeper\activego\session.go:907.4,907.31 1 0
github.com\Chronokeeper\activego\session.go:895.21,897.19 2 0
github.com\Chronokeeper\activego\session.go:897.19,899.6 1 0
github.com\Chronokeeper\activego\session.go:900.5,901.40 1 0
github.com\Chronokeeper\activego\session.go:904.5,904.15 1 0
github.com\Chronokeeper\activego\session.go:901.40,903.6 1 0
github.com\Chronokeeper\activego\session.go:907.31,909.5 1 0
github.com\Chronokeeper\activego\session.go:909.5,911.5 1 0
github.com\Chronokeeper\activego\session.go:923.63,925.2 1 0
github.com\Chronokeeper\activego\session.go:930.71,932.16 2 0
github.com\Chronokeeper\activego\session.go:935.2,938.18 3 0
github.com\Chronokeeper\activego\session.go:950.2,950.12 1 0
github.com\Chronokeeper\activego\session.go:932.16,934.3 1 0
github.com\Chronokeeper\activego\session.go:938.18,941.17 3 0
github.com\Chronokeeper\activego\session.go:944.3,945.17 2 0
github.com\Chronokeeper\activego\session.go:948.3,948.6 1 0
github.com\Chronokeeper\activego\session.go:941.17,943.4 1 0
github.com\Chronokeeper\activego\session.go:945.17,947.4 1 0
github.com\Chronokeeper\activego\session.go:953.79,958.10 4 1
github.com\Chronokeeper\activego\session.go:965.2,965.8 1 1
github.com\Chronokeeper\activego\session.go:958.10,960.17 2 1
github.com\Chronokeeper\activego\session.go:963.3,963.32 1 1
github.com\Chronokeeper\activego\session.go:960.17,962.4 1 0
github.com\Chronokeeper\activego\session.go:970.61,972.25 2 1
github.com\Chronokeeper\activego\session.go:976.2,980.39 4 1
github.com\Chronokeeper\activego\session.go:984.2,984.36 1 1
github.com\Chronokeeper\activego\session.go:991.2,991.37 1 1
github.com\Chronokeeper\activego\session.go:1002.2,1005.26 4 1
github.com\Chronokeeper\activego\session.go:1015.2,1015.16 1 1
github.com\Chronokeeper\activego\session.go:1019.2,1021.20 2 1
github.com\Chronokeeper\activego\session.go:1027.2,1027.19 1 0
github.com\Chronokeeper\activego\session.go:972.25,974.3 1 1
github.com\Chronokeeper\activego\session.go:980.39,982.3 1 1
github.com\Chronokeeper\activego\session.go:984.36,986.3 1 1
github.com\Chronokeeper\activego\session.go:986.3,989.3 2 0
github.com\Chronokeeper\activego\session.go:991.37,994.32 1 1
github.com\Chronokeeper\activego\session.go:994.32,996.29 2 0
github.com\Chronokeeper\activego\session.go:996.29,998.5 1 0
github.com\Chronokeeper\activego\session.go:1005.26,1007.24 2 1
github.com\Chronokeeper\activego\session.go:1011.3,1011.37 1 1
github.com\Chronokeeper\activego\session.go:1007.24,1009.4 1 0
github.com\Chronokeeper\activego\session.go:1012.3,1014.3 1 0
github.com\Chronokeeper\activego\session.go:1015.16,1017.3 1 0
github.com\Chronokeeper\activego\session.go:1021.20,1022.51 1 1
github.com\Chronokeeper\activego\session.go:1025.3,1025.19 1 1
github.com\Chronokeeper\activego\session.go:1022.51,1024.4 1 1
github.com\Chronokeeper\activego\session.go:1112.57,1117.36 4 0
github.com\Chronokeeper\activego\session.go:1120.2,1120.13 1 0
github.com\Chronokeeper\activego\session.go:1117.36,1119.3 1 0
github.com\Chronokeeper\activego\session.go:1141.64,1143.25 2 0
github.com\Chronokeeper\activego\session.go:1147.2,1149.36 3 0
github.com\Chronokeeper\activego\session.go:1156.2,1157.16 2 0
github.com\Chronokeeper\activego\session.go:1161.2,1162.27 2 0
github.com\Chronokeeper\activego\session.go:1170.2,1170.26 1 0
github.com\Chronokeeper\activego\session.go:1143.25,1145.3 1 0
github.com\Chronokeeper\activego\session.go:1149.36,1151.3 1 0
github.com\Chronokeeper\activego\session.go:1151.3,1154.3 2 0
github.com\Chronokeeper\activego\session.go:1157.16,1159.3 1 0
github.com\Chronokeeper\activego\session.go:1162.27,1164.33 2 0
github.com\Chronokeeper\activego\session.go:1164.33,1166.9 2 0
github.com\Chronokeeper\activego\session.go:1173.59,1176.19 3 0
github.com\Chronokeeper\activego\session.go:1239.2,1239.20 1 0
github.com\Chronokeeper\activego\session.go:1177.2,1179.17 2 0
github.com\Chronokeeper\activego\session.go:1182.2,1184.17 2 0
github.com\Chronokeeper\activego\session.go:1187.3,1187.19 1 0
github.com\Chronokeeper\activego\session.go:1188.2,1190.17 2 0
github.com\Chronokeeper\activego\session.go:1193.3,1193.20 1 0
github.com\Chronokeeper\activego\session.go:1194.2,1196.17 2 0
github.com\Chronokeeper\activego\session.go:1199.3,1199.20 1 0
github.com\Chronokeeper\activego\session.go:1200.2,1202.17 2 0
github.com\Chronokeeper\activego\session.go:1205.2,1207.17 2 0
github.com\Chronokeeper\activego\session.go:1210.3,1210.19 1 0
github.com\Chronokeeper\activego\session.go:1211.2,1213.17 2 0
github.com\Chronokeeper\activego\session.go:1216.3,1216.20 1 0
github.com\Chronokeeper\activego\session.go:1217.2,1219.17 2 0
github.com\Chronokeeper\activego\session.go:1222.3,1222.21 1 0
github.com\Chronokeeper\activego\session.go:1223.2,1225.17 2 0
github.com\Chronokeeper\activego\session.go:1228.3,1228.21 1 0
github.com\Chronokeeper\activego\session.go:1229.2,1231.17 2 0
github.com\Chronokeeper\activego\session.go:1234.2,1235.13 1 0
github.com\Chronokeeper\activego\session.go:1236.2,1237.36 1 0
github.com\Chronokeeper\activego\session.go:1179.17,1181.4 1 0
github.com\Chronokeeper\activego\session.go:1184.17,1186.4 1 0
github.com\Chronokeeper\activego\session.go:1190.17,1192.4 1 0
github.com\Chronokeeper\activego\session.go:1196.17,1198.4 1 0
github.com\Chronokeeper\activego\session.go:1202.17,1204.4 1 0
github.com\Chronokeeper\activego\session.go:1207.17,1209.4 1 0
github.com\Chronokeeper\activego\session.go:1213.17,1215.4 1 0
github.com\Chronokeeper\activego\session.go:1219.17,1221.4 1 0
github.com\Chronokeeper\activego\session.go:1225.17,1227.4 1 0
github.com\Chronokeeper\activego\session.go:1231.17,1233.4 1 0
github.com\Chronokeeper\activego\session.go:1245.88,1247.25 2 0
github.com\Chronokeeper\activego\session.go:1251.2,1252.76 2 0
github.com\Chronokeeper\activego\session.go:1256.2,1258.39 3 0
github.com\Chronokeeper\activego\session.go:1277.2,1277.24 1 0
github.com\Chronokeeper\activego\session.go:1292.2,1294.36 3 0
github.com\Chronokeeper\activego\session.go:1328.2,1329.37 2 0
github.com\Chronokeeper\activego\session.go:1343.2,1343.38 1 0
github.com\Chronokeeper\activego\session.go:1453.2,1453.12 1 0
github.com\Chronokeeper\activego\session.go:1247.25,1249.3 1 0
github.com\Chronokeeper\activego\session.go:1252.76,1254.3 1 0
github.com\Chronokeeper\activego\session.go:1258.39,1259.45 1 0
github.com\Chronokeeper\activego\session.go:1272.3,1272.37 1 0
github.com\Chronokeeper\activego\session.go:1259.45,1260.56 1 0
github.com\Chronokeeper\activego\session.go:1260.56,1263.5 2 0
github.com\Chronokeeper\activego\session.go:1263.5,1265.5 1 0
github.com\Chronokeeper\activego\session.go:1266.4,1266.55 1 0
github.com\Chronokeeper\activego\session.go:1266.55,1269.4 2 0
github.com\Chronokeeper\activego\session.go:1269.4,1271.4 1 0
github.com\Chronokeeper\activego\session.go:1273.3,1275.3 1 0
github.com\Chronokeeper\activego\session.go:1277.24,1283.3 3 0
github.com\Chronokeeper\activego\session.go:1283.3,1286.78 1 0
github.com\Chronokeeper\activego\session.go:1286.78,1289.4 1 0
github.com\Chronokeeper\activego\session.go:1294.36,1296.38 2 0
github.com\Chronokeeper\activego\session.go:1314.3,1320.24 5 0
github.com\Chronokeeper\activego\session.go:1296.38,1297.23 1 0
github.com\Chronokeeper\activego\session.go:1297.23,1298.43 1 0
github.com\Chronokeeper\activego\session.go:1298.43,1300.6 1 0
github.com\Chronokeeper\activego\session.go:1300.6,1302.6 1 0
github.com\Chronokeeper\activego\session.go:1304.4,1305.23 1 0
github.com\Chronokeeper\activego\session.go:1305.23,1306.43 1 0
github.com\Chronokeeper\activego\session.go:1306.43,1308.6 1 0
github.com\Chronokeeper\activego\session.go:1308.6,1310.6 1 0
github.com\Chronokeeper\activego\session.go:1320.24,1322.4 1 0
github.com\Chronokeeper\activego\session.go:1323.3,1326.3 2 0
github.com\Chronokeeper\activego\session.go:1329.37,1333.32 1 0
github.com\Chronokeeper\activego\session.go:1333.32,1335.29 2 0
github.com\Chronokeeper\activego\session.go:1338.4,1339.47 2 0
github.com\Chronokeeper\activego\session.go:1335.29,1337.5 1 0
github.com\Chronokeeper\activego\session.go:1343.38,1349.27 4 0
github.com\Chronokeeper\activego\session.go:1358.3,1358.17 1 0
github.com\Chronokeeper\activego\session.go:1361.3,1364.17 3 0
github.com\Chronokeeper\activego\session.go:1368.3,1371.45 3 0
github.com\Chronokeeper\activego\session.go:1381.3,1383.41 2 0
github.com\Chronokeeper\activego\session.go:1395.3,1397.42 3 0
github.com\Chronokeeper\activego\session.go:1401.3,1403.97 2 0
github.com\Chronokeeper\activego\session.go:1349.27,1351.18 2 0
github.com\Chronokeeper\activego\session.go:1354.4,1354.38 1 0
github.com\Chronokeeper\activego\session.go:1351.18,1353.5 1 0
github.com\Chronokeeper\activego\session.go:1355.4,1357.4 1 0
github.com\Chronokeeper\activego\session.go:1358.17,1360.4 1 0
github.com\Chronokeeper\activego\session.go:1364.17,1366.4 1 0
github.com\Chronokeeper\activego\session.go:1371.45,1372.39 1 0
github.com\Chronokeeper\activego\session.go:1372.39,1374.5 1 0
github.com\Chronokeeper\activego\session.go:1375.4,1376.39 1 0
github.com\Chronokeeper\activego\session.go:1376.39,1378.5 1 0
github.com\Chronokeeper\activego\session.go:1383.41,1384.46 1 0
github.com\Chronokeeper\activego\session.go:1384.46,1385.55 1 0
github.com\Chronokeeper\activego\session.go:1385.55,1387.6 1 0
github.com\Chronokeeper\activego\session.go:1388.5,1389.55 1 0
github.com\Chronokeeper\activego\session.go:1389.55,1391.6 1 0
github.com\Chronokeeper\activego\session.go:1397.42,1399.4 1 0
github.com\Chronokeeper\activego\session.go:1404.3,1406.17 2 0
github.com\Chronokeeper\activego\session.go:1410.3,1412.40 2 0
github.com\Chronokeeper\activego\session.go:1406.17,1408.4 1 0
github.com\Chronokeeper\activego\session.go:1412.40,1414.46 2 0
github.com\Chronokeeper\activego\session.go:1419.4,1420.18 2 0
github.com\Chronokeeper\activego\session.go:1423.4,1425.35 2 0
github.com\Chronokeeper\activego\session.go:1446.4,1446.46 1 0
github.com\Chronokeeper\activego\session.go:1414.46,1416.5 1 0
github.com\Chronokeeper\activego\session.go:1416.5,1418.5 1 0
github.com\Chronokeeper\activego\session.go:1420.18,1422.5 1 0
github.com\Chronokeeper\activego\session.go:1425.35,1427.19 2 0
github.com\Chronokeeper\activego\session.go:1427.19,1429.6 1 0
github.com\Chronokeeper\activego\session.go:1430.5,1431.40 1 0
github.com\Chronokeeper\activego\session.go:1431.40,1433.6 1 0
github.com\Chronokeeper\activego\session.go:1433.6,1435.43 2 0
github.com\Chronokeeper\activego\session.go:1442.6,1442.16 1 0
github.com\Chronokeeper\activego\session.go:1435.43,1437.21 2 0
github.com\Chronokeeper\activego\session.go:1440.7,1440.32 1 0
github.com\Chronokeeper\activego\session.go:1437.21,1439.8 1 0
github.com\Chronokeeper\activego\session.go:1446.46,1448.5 1 0
github.com\Chronokeeper\activego\session.go:1448.5,1450.5 1 0
github.com\Chronokeeper\activego\session.go:1471.38,1473.25 2 0
github.com\Chronokeeper\activego\session.go:1477.2,1477.28 1 0
github.com\Chronokeeper\activego\session.go:1473.25,1475.3 1 0
github.com\Chronokeeper\activego\session.go:1492.78,1494.39 2 0
github.com\Chronokeeper\activego\session.go:1500.2,1500.68 1 0
github.com\Chronokeeper\activego\session.go:1494.39,1496.3 1 0
github.com\Chronokeeper\activego\session.go:1496.3,1496.46 1 0
github.com\Chronokeeper\activego\session.go:1496.46,1499.3 2 0
github.com\Chronokeeper\activego\session.go:1503.81,1505.16 2 0
github.com\Chronokeeper\activego\session.go:1509.2,1509.40 1 0
github.com\Chronokeeper\activego\session.go:1505.16,1507.3 1 0
github.com\Chronokeeper\activego\session.go:1512.70,1514.25 2 0
github.com\Chronokeeper\activego\session.go:1517.2,1519.30 3 0
github.com\Chronokeeper\activego\session.go:1514.25,1516.3 1 0
github.com\Chronokeeper\activego\session.go:1522.70,1526.32 3 0
github.com\Chronokeeper\activego\session.go:1533.2,1533.71 1 0
github.com\Chronokeeper\activego\session.go:1526.32,1528.3 1 0
github.com\Chronokeeper\activego\session.go:1528.3,1528.39 1 0
github.com\Chronokeeper\activego\session.go:1528.39,1532.3 3 0
github.com\Chronokeeper\activego\session.go:1536.70,1538.25 2 0
github.com\Chronokeeper\activego\session.go:1542.2,1546.16 5 0
github.com\Chronokeeper\activego\session.go:1550.2,1550.24 1 0
github.com\Chronokeeper\activego\session.go:1538.25,1540.3 1 0
github.com\Chronokeeper\activego\session.go:1546.16,1548.3 1 0
github.com\Chronokeeper\activego\session.go:1553.92,1555.25 2 0
github.com\Chronokeeper\activego\session.go:1558.2,1559.12 2 0
github.com\Chronokeeper\activego\session.go:1564.2,1566.30 3 0
github.com\Chronokeeper\activego\session.go:1555.25,1557.3 1 0
github.com\Chronokeeper\activego\session.go:1559.12,1561.3 1 0
github.com\Chronokeeper\activego\session.go:1561.3,1563.3 1 0
github.com\Chronokeeper\activego\session.go:1570.99,1572.25 2 0
github.com\Chronokeeper\activego\session.go:1576.2,1577.16 2 0
github.com\Chronokeeper\activego\session.go:1581.2,1581.32 1 0
github.com\Chronokeeper\activego\session.go:1590.2,1590.19 1 0
github.com\Chronokeeper\activego\session.go:1572.25,1574.3 1 0
github.com\Chronokeeper\activego\session.go:1577.16,1579.3 1 0
github.com\Chronokeeper\activego\session.go:1581.32,1582.32 1 0
github.com\Chronokeeper\activego\session.go:1582.32,1583.14 1 0
github.com\Chronokeeper\activego\session.go:1583.14,1585.5 1 0
github.com\Chronokeeper\activego\session.go:1585.5,1587.5 1 0
github.com\Chronokeeper\activego\session.go:1593.57,1595.25 2 0
github.com\Chronokeeper\activego\session.go:1599.2,1602.12 4 0
github.com\Chronokeeper\activego\session.go:1595.25,1597.3 1 0
github.com\Chronokeeper\activego\session.go:1605.67,1607.25 2 0
github.com\Chronokeeper\activego\session.go:1610.2,1614.12 4 0
github.com\Chronokeeper\activego\session.go:1607.25,1609.3 1 0
github.com\Chronokeeper\activego\session.go:1617.68,1619.25 2 0
github.com\Chronokeeper\activego\session.go:1622.2,1625.12 4 0
github.com\Chronokeeper\activego\session.go:1619.25,1621.3 1 0
github.com\Chronokeeper\activego\session.go:1629.41,1631.25 2 0
github.com\Chronokeeper\activego\session.go:1635.2,1635.46 1 0
github.com\Chronokeeper\activego\session.go:1644.2,1644.12 1 0
github.com\Chronokeeper\activego\session.go:1631.25,1633.3 1 0
github.com\Chronokeeper\activego\session.go:1635.46,1640.17 5 0
github.com\Chronokeeper\activego\session.go:1640.17,1642.4 1 0
github.com\Chronokeeper\activego\session.go:1647.116,1649.52 2 1
github.com\Chronokeeper\activego\session.go:1654.2,1655.16 2 1
github.com\Chronokeeper\activego\session.go:1660.2,1660.51 1 1
github.com\Chronokeeper\activego\session.go:1665.2,1665.19 1 1
github.com\Chronokeeper\activego\session.go:1649.52,1652.3 2 0
github.com\Chronokeeper\activego\session.go:1655.16,1658.3 2 0
github.com\Chronokeeper\activego\session.go:1660.51,1664.3 2 0
github.com\Chronokeeper\activego\session.go:1672.48,1674.18 1 0
github.com\Chronokeeper\activego\session.go:1685.2,1685.12 1 0
github.com\Chronokeeper\activego\session.go:1674.18,1679.17 5 0
github.com\Chronokeeper\activego\session.go:1682.3,1682.31 1 0
github.com\Chronokeeper\activego\session.go:1679.17,1681.4 1 0
github.com\Chronokeeper\activego\session.go:1688.109,1690.41 2 1
github.com\Chronokeeper\activego\session.go:1694.2,1695.79 2 1
github.com\Chronokeeper\activego\session.go:1690.41,1692.3 1 0
github.com\Chronokeeper\activego\session.go:1698.156,1700.35 2 1
github.com\Chronokeeper\activego\session.go:1704.2,1704.50 1 1
github.com\Chronokeeper\activego\session.go:1708.2,1708.64 1 1
github.com\Chronokeeper\activego\session.go:1714.2,1715.30 2 1
github.com\Chronokeeper\activego\session.go:2028.2,2028.12 1 1
github.com\Chronokeeper\activego\session.go:1700.35,1703.3 2 1
github.com\Chronokeeper\activego\session.go:1704.50,1706.3 1 0
github.com\Chronokeeper\activego\session.go:1708.64,1709.31 1 0
github.com\Chronokeeper\activego\session.go:1709.31,1711.4 1 0
github.com\Chronokeeper\activego\session.go:1715.30,1718.51 3 1
github.com\Chronokeeper\activego\session.go:1723.3,1725.85 2 1
github.com\Chronokeeper\activego\session.go:1718.51,1720.4 1 1
github.com\Chronokeeper\activego\session.go:1720.4,1722.4 1 0
github.com\Chronokeeper\activego\session.go:1725.85,1729.35 2 1
github.com\Chronokeeper\activego\session.go:1733.4,1733.28 1 1
github.com\Chronokeeper\activego\session.go:1744.4,1744.61 1 1
github.com\Chronokeeper\activego\session.go:1756.4,1762.28 5 1
github.com\Chronokeeper\activego\session.go:2018.4,2018.20 1 1
github.com\Chronokeeper\activego\session.go:1729.35,1730.13 1 0
github.com\Chronokeeper\activego\session.go:1733.28,1734.81 1 1
github.com\Chronokeeper\activego\session.go:1734.81,1735.57 1 0
github.com\Chronokeeper\activego\session.go:1740.6,1740.14 1 0
github.com\Chronokeeper\activego\session.go:1735.57,1737.7 1 0
github.com\Chronokeeper\activego\session.go:1737.7,1739.7 1 0
github.com\Chronokeeper\activego\session.go:1744.61,1745.56 1 0
github.com\Chronokeeper\activego\session.go:1753.5,1753.13 1 0
github.com\Chronokeeper\activego\session.go:1745.56,1746.64 1 0
github.com\Chronokeeper\activego\session.go:1749.6,1749.59 1 0
github.com\Chronokeeper\activego\session.go:1746.64,1748.7 1 0
github.com\Chronokeeper\activego\session.go:1750.6,1752.6 1 0
github.com\Chronokeeper\activego\session.go:1764.4,1765.46 1 0
github.com\Chronokeeper\activego\session.go:1775.4,1776.32 1 0
github.com\Chronokeeper\activego\session.go:1786.4,1787.46 1 1
github.com\Chronokeeper\activego\session.go:1791.4,1792.44 1 0
github.com\Chronokeeper\activego\session.go:1796.4,1797.32 1 1
github.com\Chronokeeper\activego\session.go:1802.4,1803.32 1 0
github.com\Chronokeeper\activego\session.go:1808.4,1809.32 1 0
github.com\Chronokeeper\activego\session.go:1817.4,1818.47 1 1
github.com\Chronokeeper\activego\session.go:1899.4,1902.22 1 0
github.com\Chronokeeper\activego\session.go:1765.46,1769.20 4 0
github.com\Chronokeeper\activego\session.go:1773.6,1773.30 1 0
github.com\Chronokeeper\activego\session.go:1769.20,1772.7 2 0
github.com\Chronokeeper\activego\session.go:1777.5,1778.40 1 0
github.com\Chronokeeper\activego\session.go:1779.6,1780.51 1 0
github.com\Chronokeeper\activego\session.go:1780.51,1783.8 2 0
github.com\Chronokeeper\activego\session.go:1787.46,1790.6 2 0
github.com\Chronokeeper\activego\session.go:1792.44,1795.6 2 0
github.com\Chronokeeper\activego\session.go:1798.5,1800.33 2 1
github.com\Chronokeeper\activego\session.go:1804.5,1806.37 2 0
github.com\Chronokeeper\activego\session.go:1810.5,1812.35 2 0
github.com\Chronokeeper\activego\session.go:1813.5,1815.42 2 0
github.com\Chronokeeper\activego\session.go:1818.47,1819.39 1 1
github.com\Chronokeeper\activego\session.go:1819.39,1824.39 4 1
github.com\Chronokeeper\activego\session.go:1830.7,1831.60 2 1
github.com\Chronokeeper\activego\session.go:1824.39,1828.8 2 1
github.com\Chronokeeper\activego\session.go:1836.7,1837.38 1 0
github.com\Chronokeeper\activego\session.go:1837.38,1842.7 4 0
github.com\Chronokeeper\activego\session.go:1843.6,1843.44 1 0
github.com\Chronokeeper\activego\session.go:1843.44,1845.22 2 0
github.com\Chronokeeper\activego\session.go:1845.22,1846.37 1 0
github.com\Chronokeeper\activego\session.go:1849.7,1850.34 2 0
github.com\Chronokeeper\activego\session.go:1877.7,1877.24 1 0
github.com\Chronokeeper\activego\session.go:1846.37,1848.8 1 0
github.com\Chronokeeper\activego\session.go:1851.7,1852.24 1 0
github.com\Chronokeeper\activego\session.go:1853.7,1854.29 1 0
github.com\Chronokeeper\activego\session.go:1855.7,1856.31 1 0
github.com\Chronokeeper\activego\session.go:1857.7,1858.31 1 0
github.com\Chronokeeper\activego\session.go:1859.7,1860.30 1 0
github.com\Chronokeeper\activego\session.go:1861.7,1862.25 1 0
github.com\Chronokeeper\activego\session.go:1863.7,1864.31 1 0
github.com\Chronokeeper\activego\session.go:1865.7,1866.33 1 0
github.com\Chronokeeper\activego\session.go:1867.7,1868.33 1 0
github.com\Chronokeeper\activego\session.go:1869.7,1870.32 1 0
github.com\Chronokeeper\activego\session.go:1871.7,1872.27 1 0
github.com\Chronokeeper\activego\session.go:1873.7,1874.53 1 0
github.com\Chronokeeper\activego\session.go:1877.24,1885.22 5 0
github.com\Chronokeeper\activego\session.go:1888.8,1888.15 1 0
github.com\Chronokeeper\activego\session.go:1885.22,1887.9 1 0
github.com\Chronokeeper\activego\session.go:1888.15,1891.9 2 0
github.com\Chronokeeper\activego\session.go:1891.9,1893.9 1 0
github.com\Chronokeeper\activego\session.go:1895.7,1897.7 1 0
github.com\Chronokeeper\activego\session.go:1904.5,1905.47 1 0
github.com\Chronokeeper\activego\session.go:1910.5,1911.45 1 0
github.com\Chronokeeper\activego\session.go:1916.5,1917.42 1 0
github.com\Chronokeeper\activego\session.go:1922.5,1923.48 1 0
github.com\Chronokeeper\activego\session.go:1928.5,1929.46 1 0
github.com\Chronokeeper\activego\session.go:1934.5,1935.46 1 0
github.com\Chronokeeper\activego\session.go:1940.5,1941.48 1 0
github.com\Chronokeeper\activego\session.go:1946.5,1947.46 1 0
github.com\Chronokeeper\activego\session.go:1952.5,1953.46 1 0
github.com\Chronokeeper\activego\session.go:1958.5,1959.46 1 0
github.com\Chronokeeper\activego\session.go:1964.5,1965.46 1 0
github.com\Chronokeeper\activego\session.go:1970.5,1971.46 1 0
github.com\Chronokeeper\activego\session.go:1976.5,1977.46 1 0
github.com\Chronokeeper\activego\session.go:1982.5,1983.46 1 0
github.com\Chronokeeper\activego\session.go:1988.5,1989.46 1 0
github.com\Chronokeeper\activego\session.go:1994.5,1997.20 3 0
github.com\Chronokeeper\activego\session.go:2002.6,2002.24 1 0
github.com\Chronokeeper\activego\session.go:2003.5,2006.20 3 0
github.com\Chronokeeper\activego\session.go:2011.6,2011.24 1 0
github.com\Chronokeeper\activego\session.go:1905.47,1909.7 3 0
github.com\Chronokeeper\activego\session.go:1911.45,1915.7 3 0
github.com\Chronokeeper\activego\session.go:1917.42,1921.7 3 0
github.com\Chronokeeper\activego\session.go:1923.48,1927.7 3 0
github.com\Chronokeeper\activego\session.go:1929.46,1933.7 3 0
github.com\Chronokeeper\activego\session.go:1935.46,1939.7 3 0
github.com\Chronokeeper\activego\session.go:1941.48,1945.7 3 0
github.com\Chronokeeper\activego\session.go:1947.46,1951.7 3 0
github.com\Chronokeeper\activego\session.go:1953.46,1957.7 3 0
github.com\Chronokeeper\activego\session.go:1959.46,1963.7 3 0
github.com\Chronokeeper\activego\session.go:1965.46,1969.7 3 0
github.com\Chronokeeper\activego\session.go:1971.46,1975.7 3 0
github.com\Chronokeeper\activego\session.go:1977.46,1981.7 3 0
github.com\Chronokeeper\activego\session.go:1983.46,1987.7 3 0
github.com\Chronokeeper\activego\session.go:1989.46,1993.7 3 0
github.com\Chronokeeper\activego\session.go:1997.20,1999.7 1 0
github.com\Chronokeeper\activego\session.go:1999.7,2001.7 1 0
github.com\Chronokeeper\activego\session.go:2006.20,2008.7 1 0
github.com\Chronokeeper\activego\session.go:2008.7,2010.7 1 0
github.com\Chronokeeper\activego\session.go:2018.20,2020.19 2 1
github.com\Chronokeeper\activego\session.go:2020.19,2022.6 1 1
github.com\Chronokeeper\activego\session.go:2022.6,2024.6 1 0
github.com\Chronokeeper\activego\session.go:2032.82,2033.58 1 1
github.com\Chronokeeper\activego\session.go:2037.2,2037.45 1 1
github.com\Chronokeeper\activego\session.go:2033.58,2035.3 1 1
github.com\Chronokeeper\activego\session.go:2040.117,2044.26 2 0
github.com\Chronokeeper\activego\session.go:2047.2,2047.57 1 0
github.com\Chronokeeper\activego\session.go:2044.26,2046.3 1 0
github.com\Chronokeeper\activego\session.go:2050.130,2052.16 2 0
github.com\Chronokeeper\activego\session.go:2055.2,2057.24 2 0
github.com\Chronokeeper\activego\session.go:2052.16,2054.3 1 0
github.com\Chronokeeper\activego\session.go:2060.133,2061.107 1 0
github.com\Chronokeeper\activego\session.go:2070.2,2070.17 1 0
github.com\Chronokeeper\activego\session.go:2073.2,2073.17 1 0
github.com\Chronokeeper\activego\session.go:2076.2,2076.16 1 0
github.com\Chronokeeper\activego\session.go:2079.2,2079.24 1 0
github.com\Chronokeeper\activego\session.go:2061.107,2063.17 2 0
github.com\Chronokeeper\activego\session.go:2066.3,2068.25 2 0
github.com\Chronokeeper\activego\session.go:2063.17,2065.4 1 0
github.com\Chronokeeper\activego\session.go:2070.17,2072.3 1 0
github.com\Chronokeeper\activego\session.go:2073.17,2075.3 1 0
github.com\Chronokeeper\activego\session.go:2076.16,2078.3 1 0
github.com\Chronokeeper\activego\session.go:2083.117,2085.25 2 0
github.com\Chronokeeper\activego\session.go:2089.2,2089.43 1 0
github.com\Chronokeeper\activego\session.go:2085.25,2087.3 1 0
github.com\Chronokeeper\activego\session.go:2095.118,2098.26 2 0
github.com\Chronokeeper\activego\session.go:2101.2,2101.50 1 0
github.com\Chronokeeper\activego\session.go:2098.26,2100.3 1 0
github.com\Chronokeeper\activego\session.go:2105.69,2109.25 4 0
github.com\Chronokeeper\activego\session.go:2113.2,2113.29 1 0
github.com\Chronokeeper\activego\session.go:2143.2,2143.22 1 0
github.com\Chronokeeper\activego\session.go:2109.25,2111.3 1 0
github.com\Chronokeeper\activego\session.go:2113.29,2115.41 2 0
github.com\Chronokeeper\activego\session.go:2115.41,2117.16 2 0
github.com\Chronokeeper\activego\session.go:2117.16,2118.43 1 0
github.com\Chronokeeper\activego\session.go:2118.43,2120.20 2 0
github.com\Chronokeeper\activego\session.go:2123.6,2123.21 1 0
github.com\Chronokeeper\activego\session.go:2120.20,2122.7 1 0
github.com\Chronokeeper\activego\session.go:2124.6,2125.32 1 0
github.com\Chronokeeper\activego\session.go:2125.32,2127.21 2 0
github.com\Chronokeeper\activego\session.go:2130.7,2130.22 1 0
github.com\Chronokeeper\activego\session.go:2127.21,2129.8 1 0
github.com\Chronokeeper\activego\session.go:2134.4,2136.18 2 0
github.com\Chronokeeper\activego\session.go:2139.4,2139.19 1 0
github.com\Chronokeeper\activego\session.go:2136.18,2138.5 1 0
github.com\Chronokeeper\activego\session.go:2146.83,2148.40 2 0
github.com\Chronokeeper\activego\session.go:2152.2,2166.28 10 0
github.com\Chronokeeper\activego\session.go:2268.2,2280.16 4 0
github.com\Chronokeeper\activego\session.go:2284.2,2284.93 1 0
github.com\Chronokeeper\activego\session.go:2288.2,2289.28 2 0
github.com\Chronokeeper\activego\session.go:2316.2,2317.27 2 0
github.com\Chronokeeper\activego\session.go:2148.40,2150.3 1 0
github.com\Chronokeeper\activego\session.go:2166.28,2172.50 3 0
github.com\Chronokeeper\activego\session.go:2176.3,2176.74 1 0
github.com\Chronokeeper\activego\session.go:2181.3,2181.13 1 0
github.com\Chronokeeper\activego\session.go:2266.3,2266.73 1 0
github.com\Chronokeeper\activego\session.go:2172.50,2174.4 1 0
github.com\Chronokeeper\activego\session.go:2176.74,2178.4 1 0
github.com\Chronokeeper\activego\session.go:2181.13,2182.40 1 0
github.com\Chronokeeper\activego\session.go:2182.40,2184.53 2 0
github.com\Chronokeeper\activego\session.go:2187.5,2187.39 1 0
github.com\Chronokeeper\activego\session.go:2190.5,2190.22 1 0
github.com\Chronokeeper\activego\session.go:2193.5,2193.42 1 0
github.com\Chronokeeper\activego\session.go:2198.5,2198.40 1 0
github.com\Chronokeeper\activego\session.go:2203.5,2203.74 1 0
github.com\Chronokeeper\activego\session.go:2220.5,2222.39 3 0
github.com\Chronokeeper\activego\session.go:2184.53,2185.14 1 0
github.com\Chronokeeper\activego\session.go:2187.39,2188.14 1 0
github.com\Chronokeeper\activego\session.go:2190.22,2191.14 1 0
github.com\Chronokeeper\activego\session.go:2193.42,2194.61 1 0
github.com\Chronokeeper\activego\session.go:2194.61,2195.15 1 0
github.com\Chronokeeper\activego\session.go:2198.40,2199.60 1 0
github.com\Chronokeeper\activego\session.go:2199.60,2200.15 1 0
github.com\Chronokeeper\activego\session.go:2203.74,2208.83 4 0
github.com\Chronokeeper\activego\session.go:2208.83,2211.7 2 0
github.com\Chronokeeper\activego\session.go:2212.6,2214.20 2 0
github.com\Chronokeeper\activego\session.go:2217.6,2217.30 1 0
github.com\Chronokeeper\activego\session.go:2214.20,2216.7 1 0
github.com\Chronokeeper\activego\session.go:2224.4,2225.29 1 0
github.com\Chronokeeper\activego\session.go:2225.29,2227.53 2 0
github.com\Chronokeeper\activego\session.go:2230.5,2230.39 1 0
github.com\Chronokeeper\activego\session.go:2233.5,2233.22 1 0
github.com\Chronokeeper\activego\session.go:2236.5,2236.42 1 0
github.com\Chronokeeper\activego\session.go:2241.5,2241.40 1 0
github.com\Chronokeeper\activego\session.go:2246.5,2246.74 1 0
github.com\Chronokeeper\activego\session.go:2263.5,2263.39 1 0
github.com\Chronokeeper\activego\session.go:2227.53,2228.14 1 0
github.com\Chronokeeper\activego\session.go:2230.39,2231.14 1 0
github.com\Chronokeeper\activego\session.go:2233.22,2234.14 1 0
github.com\Chronokeeper\activego\session.go:2236.42,2237.61 1 0
github.com\Chronokeeper\activego\session.go:2237.61,2238.15 1 0
github.com\Chronokeeper\activego\session.go:2241.40,2242.60 1 0
github.com\Chronokeeper\activego\session.go:2242.60,2243.15 1 0
github.com\Chronokeeper\activego\session.go:2246.74,2251.83 4 0
github.com\Chronokeeper\activego\session.go:2251.83,2254.7 2 0
github.com\Chronokeeper\activego\session.go:2255.6,2257.20 2 0
github.com\Chronokeeper\activego\session.go:2260.6,2260.30 1 0
github.com\Chronokeeper\activego\session.go:2257.20,2259.7 1 0
github.com\Chronokeeper\activego\session.go:2280.16,2282.3 1 0
github.com\Chronokeeper\activego\session.go:2284.93,2286.3 1 0
github.com\Chronokeeper\activego\session.go:2289.28,2292.27 2 0
github.com\Chronokeeper\activego\session.go:2292.27,2294.50 1 0
github.com\Chronokeeper\activego\session.go:2297.4,2297.74 1 0
github.com\Chronokeeper\activego\session.go:2294.50,2296.5 1 0
github.com\Chronokeeper\activego\session.go:2297.74,2299.5 1 0
github.com\Chronokeeper\activego\session.go:2300.4,2301.28 1 0
github.com\Chronokeeper\activego\session.go:2301.28,2302.79 1 0
github.com\Chronokeeper\activego\session.go:2302.79,2304.6 1 0
github.com\Chronokeeper\activego\session.go:2304.6,2308.6 3 0
github.com\Chronokeeper\activego\session.go:2309.5,2310.67 1 0
github.com\Chronokeeper\activego\session.go:2310.67,2312.6 1 0
github.com\Chronokeeper\activego\session.go:2321.78,2323.40 2 0
github.com\Chronokeeper\activego\session.go:2323.40,2324.27 1 0
github.com\Chronokeeper\activego\session.go:2324.27,2326.27 2 0
github.com\Chronokeeper\activego\session.go:2329.4,2329.49 1 0
github.com\Chronokeeper\activego\session.go:2326.27,2328.5 1 0
github.com\Chronokeeper\activego\session.go:2330.4,2332.4 1 0
github.com\Chronokeeper\activego\session.go:2333.3,2335.3 1 0
github.com\Chronokeeper\activego\session.go:2338.100,2344.34 4 0
github.com\Chronokeeper\activego\session.go:2395.2,2395.16 1 0
github.com\Chronokeeper\activego\session.go:2399.2,2400.8 2 0
github.com\Chronokeeper\activego\session.go:2344.34,2345.3 0 0
github.com\Chronokeeper\activego\session.go:2345.3,2345.47 1 0
github.com\Chronokeeper\activego\session.go:2345.47,2348.17 2 0
github.com\Chronokeeper\activego\session.go:2348.17,2355.4 4 0
github.com\Chronokeeper\activego\session.go:2355.4,2357.4 1 0
github.com\Chronokeeper\activego\session.go:2358.3,2358.28 1 0
github.com\Chronokeeper\activego\session.go:2358.28,2362.17 3 0
github.com\Chronokeeper\activego\session.go:2366.3,2366.17 1 0
github.com\Chronokeeper\activego\session.go:2362.17,2365.4 2 0
github.com\Chronokeeper\activego\session.go:2366.17,2369.4 2 0
github.com\Chronokeeper\activego\session.go:2371.3,2371.29 1 0
github.com\Chronokeeper\activego\session.go:2371.29,2374.3 2 0
github.com\Chronokeeper\activego\session.go:2374.3,2374.67 1 0
github.com\Chronokeeper\activego\session.go:2374.67,2377.3 2 0
github.com\Chronokeeper\activego\session.go:2377.3,2377.42 1 0
github.com\Chronokeeper\activego\session.go:2377.42,2378.35 1 0
github.com\Chronokeeper\activego\session.go:2383.3,2384.70 2 0
github.com\Chronokeeper\activego\session.go:2388.3,2390.92 3 0
github.com\Chronokeeper\activego\session.go:2378.35,2381.4 2 0
github.com\Chronokeeper\activego\session.go:2384.70,2386.4 1 0
github.com\Chronokeeper\activego\session.go:2391.3,2394.3 2 0
github.com\Chronokeeper\activego\session.go:2395.16,2398.3 2 0
github.com\Chronokeeper\activego\session.go:2404.101,2405.78 1 1
github.com\Chronokeeper\activego\session.go:2409.2,2409.71 1 1
github.com\Chronokeeper\activego\session.go:2413.2,2417.26 4 1
github.com\Chronokeeper\activego\session.go:2962.2,2962.12 1 1
github.com\Chronokeeper\activego\session.go:2405.78,2407.3 1 0
github.com\Chronokeeper\activego\session.go:2409.71,2411.3 1 0
github.com\Chronokeeper\activego\session.go:2418.2,2422.17 3 0
github.com\Chronokeeper\activego\session.go:2426.3,2426.27 1 0
github.com\Chronokeeper\activego\session.go:2427.2,2431.27 4 0
github.com\Chronokeeper\activego\session.go:2454.2,2455.37 1 1
github.com\Chronokeeper\activego\session.go:2456.2,2459.17 3 0
github.com\Chronokeeper\activego\session.go:2462.3,2462.37 1 0
github.com\Chronokeeper\activego\session.go:2463.2,2469.50 4 0
github.com\Chronokeeper\activego\session.go:2486.3,2486.17 1 0
github.com\Chronokeeper\activego\session.go:2489.3,2489.23 1 0
github.com\Chronokeeper\activego\session.go:2490.2,2492.17 2 0
github.com\Chronokeeper\activego\session.go:2495.3,2495.25 1 0
github.com\Chronokeeper\activego\session.go:2496.2,2498.17 2 0
github.com\Chronokeeper\activego\session.go:2501.3,2501.24 1 0
github.com\Chronokeeper\activego\session.go:2503.2,2504.45 1 0
github.com\Chronokeeper\activego\session.go:2608.2,2611.20 1 0
github.com\Chronokeeper\activego\session.go:2958.2,2959.80 1 0
github.com\Chronokeeper\activego\session.go:2422.17,2425.4 2 0
github.com\Chronokeeper\activego\session.go:2431.27,2434.18 3 0
github.com\Chronokeeper\activego\session.go:2438.4,2438.28 1 0
github.com\Chronokeeper\activego\session.go:2434.18,2437.5 2 0
github.com\Chronokeeper\activego\session.go:2439.4,2439.34 1 0
github.com\Chronokeeper\activego\session.go:2439.34,2440.26 1 0
github.com\Chronokeeper\activego\session.go:2440.26,2442.5 1 0
github.com\Chronokeeper\activego\session.go:2442.5,2445.19 3 0
github.com\Chronokeeper\activego\session.go:2449.5,2449.29 1 0
github.com\Chronokeeper\activego\session.go:2445.19,2448.6 2 0
github.com\Chronokeeper\activego\session.go:2451.4,2453.4 1 0
github.com\Chronokeeper\activego\session.go:2459.17,2461.4 1 0
github.com\Chronokeeper\activego\session.go:2469.50,2470.22 1 0
github.com\Chronokeeper\activego\session.go:2470.22,2472.5 1 0
github.com\Chronokeeper\activego\session.go:2472.5,2474.5 1 0
github.com\Chronokeeper\activego\session.go:2475.4,2475.44 1 0
github.com\Chronokeeper\activego\session.go:2475.44,2477.4 1 0
github.com\Chronokeeper\activego\session.go:2477.4,2477.43 1 0
github.com\Chronokeeper\activego\session.go:2477.43,2479.4 1 0
github.com\Chronokeeper\activego\session.go:2479.4,2479.46 1 0
github.com\Chronokeeper\activego\session.go:2479.46,2481.4 1 0
github.com\Chronokeeper\activego\session.go:2481.4,2481.47 1 0
github.com\Chronokeeper\activego\session.go:2481.47,2483.4 1 0
github.com\Chronokeeper\activego\session.go:2483.4,2485.4 1 0
github.com\Chronokeeper\activego\session.go:2486.17,2488.4 1 0
github.com\Chronokeeper\activego\session.go:2492.17,2494.4 1 0
github.com\Chronokeeper\activego\session.go:2498.17,2500.4 1 0
github.com\Chronokeeper\activego\session.go:2504.45,2506.18 2 0
github.com\Chronokeeper\activego\session.go:2509.4,2510.57 2 0
github.com\Chronokeeper\activego\session.go:2506.18,2508.5 1 0
github.com\Chronokeeper\activego\session.go:2511.4,2511.42 1 0
github.com\Chronokeeper\activego\session.go:2511.42,2513.20 2 0
github.com\Chronokeeper\activego\session.go:2513.20,2514.35 1 0
github.com\Chronokeeper\activego\session.go:2517.5,2519.32 3 0
github.com\Chronokeeper\activego\session.go:2586.5,2586.22 1 0
github.com\Chronokeeper\activego\session.go:2514.35,2516.6 1 0
github.com\Chronokeeper\activego\session.go:2520.5,2522.20 2 0
github.com\Chronokeeper\activego\session.go:2525.6,2525.15 1 0
github.com\Chronokeeper\activego\session.go:2526.5,2528.20 2 0
github.com\Chronokeeper\activego\session.go:2531.6,2531.20 1 0
github.com\Chronokeeper\activego\session.go:2532.5,2534.20 2 0
github.com\Chronokeeper\activego\session.go:2537.6,2537.22 1 0
github.com\Chronokeeper\activego\session.go:2538.5,2540.20 2 0
github.com\Chronokeeper\activego\session.go:2543.6,2543.22 1 0
github.com\Chronokeeper\activego\session.go:2544.5,2546.20 2 0
github.com\Chronokeeper\activego\session.go:2549.6,2549.21 1 0
github.com\Chronokeeper\activego\session.go:2550.5,2552.20 2 0
github.com\Chronokeeper\activego\session.go:2555.6,2555.15 1 0
github.com\Chronokeeper\activego\session.go:2556.5,2558.20 2 0
github.com\Chronokeeper\activego\session.go:2561.6,2561.21 1 0
github.com\Chronokeeper\activego\session.go:2562.5,2564.20 2 0
github.com\Chronokeeper\activego\session.go:2567.6,2567.23 1 0
github.com\Chronokeeper\activego\session.go:2568.5,2570.20 2 0
github.com\Chronokeeper\activego\session.go:2573.6,2573.23 1 0
github.com\Chronokeeper\activego\session.go:2574.5,2576.20 2 0
github.com\Chronokeeper\activego\session.go:2579.6,2579.22 1 0
github.com\Chronokeeper\activego\session.go:2580.5,2581.26 1 0
github.com\Chronokeeper\activego\session.go:2582.5,2583.51 1 0
github.com\Chronokeeper\activego\session.go:2522.20,2524.7 1 0
github.com\Chronokeeper\activego\session.go:2528.20,2530.7 1 0
github.com\Chronokeeper\activego\session.go:2534.20,2536.7 1 0
github.com\Chronokeeper\activego\session.go:2540.20,2542.7 1 0
github.com\Chronokeeper\activego\session.go:2546.20,2548.7 1 0
github.com\Chronokeeper\activego\session.go:2552.20,2554.7 1 0
github.com\Chronokeeper\activego\session.go:2558.20,2560.7 1 0
github.com\Chronokeeper\activego\session.go:2564.20,2566.7 1 0
github.com\Chronokeeper\activego\session.go:2570.20,2572.7 1 0
github.com\Chronokeeper\activego\session.go:2576.20,2578.7 1 0
github.com\Chronokeeper\activego\session.go:2586.22,2594.20 5 0
github.com\Chronokeeper\activego\session.go:2597.6,2597.13 1 0
github.com\Chronokeeper\activego\session.go:2594.20,2596.7 1 0
github.com\Chronokeeper\activego\session.go:2597.13,2600.7 2 0
github.com\Chronokeeper\activego\session.go:2600.7,2602.7 1 0
github.com\Chronokeeper\activego\session.go:2604.5,2606.5 1 0
github.com\Chronokeeper\activego\session.go:2613.3,2615.39 2 0
github.com\Chronokeeper\activego\session.go:2617.3,2620.18 3 0
github.com\Chronokeeper\activego\session.go:2623.4,2623.39 1 0
github.com\Chronokeeper\activego\session.go:2625.3,2628.18 3 0
github.com\Chronokeeper\activego\session.go:2632.4,2632.39 1 0
github.com\Chronokeeper\activego\session.go:2634.3,2637.18 3 0
github.com\Chronokeeper\activego\session.go:2641.4,2641.39 1 0
github.com\Chronokeeper\activego\session.go:2643.3,2645.18 2 0
github.com\Chronokeeper\activego\session.go:2648.4,2648.39 1 0
github.com\Chronokeeper\activego\session.go:2650.3,2653.18 3 0
github.com\Chronokeeper\activego\session.go:2656.4,2657.39 2 0
github.com\Chronokeeper\activego\session.go:2659.3,2661.18 2 0
github.com\Chronokeeper\activego\session.go:2664.4,2665.39 2 0
github.com\Chronokeeper\activego\session.go:2667.3,2670.18 3 0
github.com\Chronokeeper\activego\session.go:2673.4,2673.39 1 0
github.com\Chronokeeper\activego\session.go:2675.3,2678.18 3 0
github.com\Chronokeeper\activego\session.go:2681.4,2682.39 2 0
github.com\Chronokeeper\activego\session.go:2684.3,2687.18 3 0
github.com\Chronokeeper\activego\session.go:2690.4,2691.39 2 0
github.com\Chronokeeper\activego\session.go:2693.3,2696.18 3 0
github.com\Chronokeeper\activego\session.go:2699.4,2700.39 2 0
github.com\Chronokeeper\activego\session.go:2702.3,2705.18 3 0
github.com\Chronokeeper\activego\session.go:2708.4,2709.39 2 0
github.com\Chronokeeper\activego\session.go:2711.3,2717.60 4 0
github.com\Chronokeeper\activego\session.go:2730.4,2730.18 1 0
github.com\Chronokeeper\activego\session.go:2733.4,2733.39 1 0
github.com\Chronokeeper\activego\session.go:2735.3,2742.60 5 0
github.com\Chronokeeper\activego\session.go:2758.4,2758.18 1 0
github.com\Chronokeeper\activego\session.go:2761.4,2761.39 1 0
github.com\Chronokeeper\activego\session.go:2763.3,2770.51 5 0
github.com\Chronokeeper\activego\session.go:2786.4,2786.18 1 0
github.com\Chronokeeper\activego\session.go:2789.4,2789.39 1 0
github.com\Chronokeeper\activego\session.go:2791.3,2798.60 5 0
github.com\Chronokeeper\activego\session.go:2814.4,2814.18 1 0
github.com\Chronokeeper\activego\session.go:2817.4,2817.39 1 0
github.com\Chronokeeper\activego\session.go:2819.3,2826.60 5 0
github.com\Chronokeeper\activego\session.go:2842.4,2842.18 1 0
github.com\Chronokeeper\activego\session.go:2845.4,2845.39 1 0
github.com\Chronokeeper\activego\session.go:2846.3,2847.49 1 0
github.com\Chronokeeper\activego\session.go:2956.4,2956.81 1 0
github.com\Chronokeeper\activego\session.go:2620.18,2622.5 1 0
github.com\Chronokeeper\activego\session.go:2628.18,2631.5 2 0
github.com\Chronokeeper\activego\session.go:2637.18,2640.5 2 0
github.com\Chronokeeper\activego\session.go:2645.18,2647.5 1 0
github.com\Chronokeeper\activego\session.go:2653.18,2655.5 1 0
github.com\Chronokeeper\activego\session.go:2661.18,2663.5 1 0
github.com\Chronokeeper\activego\session.go:2670.18,2672.5 1 0
github.com\Chronokeeper\activego\session.go:2678.18,2680.5 1 0
github.com\Chronokeeper\activego\session.go:2687.18,2689.5 1 0
github.com\Chronokeeper\activego\session.go:2696.18,2698.5 1 0
github.com\Chronokeeper\activego\session.go:2705.18,2707.5 1 0
github.com\Chronokeeper\activego\session.go:2717.60,2718.23 1 0
github.com\Chronokeeper\activego\session.go:2718.23,2720.6 1 0
github.com\Chronokeeper\activego\session.go:2720.6,2722.6 1 0
github.com\Chronokeeper\activego\session.go:2723.5,2723.45 1 0
github.com\Chronokeeper\activego\session.go:2723.45,2725.5 1 0
github.com\Chronokeeper\activego\session.go:2725.5,2725.44 1 0
github.com\Chronokeeper\activego\session.go:2725.44,2727.5 1 0
github.com\Chronokeeper\activego\session.go:2727.5,2729.5 1 0
github.com\Chronokeeper\activego\session.go:2730.18,2732.5 1 0
github.com\Chronokeeper\activego\session.go:2742.60,2743.23 1 0
github.com\Chronokeeper\activego\session.go:2743.23,2745.6 1 0
github.com\Chronokeeper\activego\session.go:2745.6,2747.6 1 0
github.com\Chronokeeper\activego\session.go:2748.5,2748.45 1 0
github.com\Chronokeeper\activego\session.go:2748.45,2751.5 2 0
github.com\Chronokeeper\activego\session.go:2751.5,2751.44 1 0
github.com\Chronokeeper\activego\session.go:2751.44,2754.5 2 0
github.com\Chronokeeper\activego\session.go:2754.5,2757.5 2 0
github.com\Chronokeeper\activego\session.go:2758.18,2760.5 1 0
github.com\Chronokeeper\activego\session.go:2770.51,2771.23 1 0
github.com\Chronokeeper\activego\session.go:2771.23,2773.6 1 0
github.com\Chronokeeper\activego\session.go:2773.6,2775.6 1 0
github.com\Chronokeeper\activego\session.go:2776.5,2776.45 1 0
github.com\Chronokeeper\activego\session.go:2776.45,2779.5 2 0
github.com\Chronokeeper\activego\session.go:2779.5,2779.44 1 0
github.com\Chronokeeper\activego\session.go:2779.44,2782.5 2 0
github.com\Chronokeeper\activego\session.go:2782.5,2785.5 2 0
github.com\Chronokeeper\activego\session.go:2786.18,2788.5 1 0
github.com\Chronokeeper\activego\session.go:2798.60,2799.23 1 0
github.com\Chronokeeper\activego\session.go:2799.23,2801.6 1 0
github.com\Chronokeeper\activego\session.go:2801.6,2803.6 1 0
github.com\Chronokeeper\activego\session.go:2804.5,2804.45 1 0
github.com\Chronokeeper\activego\session.go:2804.45,2807.5 2 0
github.com\Chronokeeper\activego\session.go:2807.5,2807.44 1 0
github.com\Chronokeeper\activego\session.go:2807.44,2810.5 2 0
github.com\Chronokeeper\activego\session.go:2810.5,2813.5 2 0
github.com\Chronokeeper\activego\session.go:2814.18,2816.5 1 0
github.com\Chronokeeper\activego\session.go:2826.60,2827.23 1 0
github.com\Chronokeeper\activego\session.go:2827.23,2829.6 1 0
github.com\Chronokeeper\activego\session.go:2829.6,2831.6 1 0
github.com\Chronokeeper\activego\session.go:2832.5,2832.45 1 0
github.com\Chronokeeper\activego\session.go:2832.45,2835.5 2 0
github.com\Chronokeeper\activego\session.go:2835.5,2835.44 1 0
github.com\Chronokeeper\activego\session.go:2835.44,2838.5 2 0
github.com\Chronokeeper\activego\session.go:2838.5,2841.5 2 0
github.com\Chronokeeper\activego\session.go:2842.18,2844.5 1 0
github.com\Chronokeeper\activego\session.go:2847.49,2848.37 1 0
github.com\Chronokeeper\activego\session.go:2848.37,2851.22 3 0
github.com\Chronokeeper\activego\session.go:2851.22,2852.37 1 0
github.com\Chronokeeper\activego\session.go:2855.7,2857.34 3 0
github.com\Chronokeeper\activego\session.go:2934.7,2934.24 1 0
github.com\Chronokeeper\activego\session.go:2852.37,2854.8 1 0
github.com\Chronokeeper\activego\session.go:2858.7,2860.22 2 0
github.com\Chronokeeper\activego\session.go:2864.8,2864.17 1 0
github.com\Chronokeeper\activego\session.go:2865.7,2867.22 2 0
github.com\Chronokeeper\activego\session.go:2871.8,2871.22 1 0
github.com\Chronokeeper\activego\session.go:2872.7,2874.22 2 0
github.com\Chronokeeper\activego\session.go:2878.8,2878.24 1 0
github.com\Chronokeeper\activego\session.go:2879.7,2881.22 2 0
github.com\Chronokeeper\activego\session.go:2885.8,2885.24 1 0
github.com\Chronokeeper\activego\session.go:2886.7,2888.22 2 0
github.com\Chronokeeper\activego\session.go:2892.8,2892.17 1 0
github.com\Chronokeeper\activego\session.go:2893.7,2895.22 2 0
github.com\Chronokeeper\activego\session.go:2899.8,2899.17 1 0
github.com\Chronokeeper\activego\session.go:2900.7,2902.22 2 0
github.com\Chronokeeper\activego\session.go:2906.8,2906.23 1 0
github.com\Chronokeeper\activego\session.go:2907.7,2909.22 2 0
github.com\Chronokeeper\activego\session.go:2913.8,2913.25 1 0
github.com\Chronokeeper\activego\session.go:2914.7,2916.22 2 0
github.com\Chronokeeper\activego\session.go:2920.8,2920.25 1 0
github.com\Chronokeeper\activego\session.go:2921.7,2923.22 2 0
github.com\Chronokeeper\activego\session.go:2927.8,2927.24 1 0
github.com\Chronokeeper\activego\session.go:2928.7,2929.28 1 0
github.com\Chronokeeper\activego\session.go:2930.7,2931.53 1 0
github.com\Chronokeeper\activego\session.go:2860.22,2862.9 1 0
github.com\Chronokeeper\activego\session.go:2867.22,2869.9 1 0
github.com\Chronokeeper\activego\session.go:2874.22,2876.9 1 0
github.com\Chronokeeper\activego\session.go:2881.22,2883.9 1 0
github.com\Chronokeeper\activego\session.go:2888.22,2890.9 1 0
github.com\Chronokeeper\activego\session.go:2895.22,2897.9 1 0
github.com\Chronokeeper\activego\session.go:2902.22,2904.9 1 0
github.com\Chronokeeper\activego\session.go:2909.22,2911.9 1 0
github.com\Chronokeeper\activego\session.go:2916.22,2918.9 1 0
github.com\Chronokeeper\activego\session.go:2923.22,2925.9 1 0
github.com\Chronokeeper\activego\session.go:2934.24,2941.22 4 0
github.com\Chronokeeper\activego\session.go:2944.8,2944.15 1 0
github.com\Chronokeeper\activego\session.go:2941.22,2943.9 1 0
github.com\Chronokeeper\activego\session.go:2944.15,2947.9 2 0
github.com\Chronokeeper\activego\session.go:2947.9,2949.9 1 0
github.com\Chronokeeper\activego\session.go:2952.6,2954.6 1 0
github.com\Chronokeeper\activego\session.go:2966.106,2967.26 1 0
github.com\Chronokeeper\activego\session.go:2978.2,2978.70 1 0
github.com\Chronokeeper\activego\session.go:2987.2,2989.22 3 0
github.com\Chronokeeper\activego\session.go:3003.2,3003.11 1 0
github.com\Chronokeeper\activego\session.go:2967.26,2968.78 1 0
github.com\Chronokeeper\activego\session.go:2968.78,2970.18 2 0
github.com\Chronokeeper\activego\session.go:2970.18,2972.5 1 0
github.com\Chronokeeper\activego\session.go:2972.5,2974.5 1 0
github.com\Chronokeeper\activego\session.go:2978.70,2980.17 2 0
github.com\Chronokeeper\activego\session.go:2980.17,2982.4 1 0
github.com\Chronokeeper\activego\session.go:2982.4,2984.4 1 0
github.com\Chronokeeper\activego\session.go:2989.22,2990.25 1 0
github.com\Chronokeeper\activego\session.go:2990.25,2992.4 1 0
github.com\Chronokeeper\activego\session.go:2992.4,2992.35 1 0
github.com\Chronokeeper\activego\session.go:2992.35,2995.4 2 0
github.com\Chronokeeper\activego\session.go:2995.4,3000.4 3 0
github.com\Chronokeeper\activego\session.go:3004.2,3005.32 1 0
github.com\Chronokeeper\activego\session.go:3006.2,3007.34 1 0
github.com\Chronokeeper\activego\session.go:3008.2,3009.33 1 0
github.com\Chronokeeper\activego\session.go:3024.3,3024.69 1 0
github.com\Chronokeeper\activego\session.go:3034.2,3036.17 2 0
github.com\Chronokeeper\activego\session.go:3040.3,3040.28 1 0
github.com\Chronokeeper\activego\session.go:3041.2,3042.28 1 0
github.com\Chronokeeper\activego\session.go:3046.3,3046.27 1 0
github.com\Chronokeeper\activego\session.go:3070.2,3071.39 1 0
github.com\Chronokeeper\activego\session.go:3072.2,3073.37 1 0
github.com\Chronokeeper\activego\session.go:3009.33,3010.41 1 0
github.com\Chronokeeper\activego\session.go:3011.4,3013.54 2 0
github.com\Chronokeeper\activego\session.go:3018.5,3019.19 2 0
github.com\Chronokeeper\activego\session.go:3020.4,3021.39 1 0
github.com\Chronokeeper\activego\session.go:3013.54,3014.20 1 0
github.com\Chronokeeper\activego\session.go:3014.20,3016.7 1 0
github.com\Chronokeeper\activego\session.go:3024.69,3025.40 1 0
github.com\Chronokeeper\activego\session.go:3025.40,3028.5 2 0
[...]
github.com\Chronokeeper\activego\engine.go:1384.3,1384.46 1 0
github.com\Chronokeeper\activego\engine.go:1388.3,1388.12 1 0
github.com\Chronokeeper\activego\engine.go:1392.3,1392.21 1 0
github.com\Chronokeeper\activego\engine.go:1381.30,1383.4 1 0
github.com\Chronokeeper\activego\engine.go:1384.46,1386.4 1 0
github.com\Chronokeeper\activego\engine.go:1388.12,1390.4 1 0
github.com\Chronokeeper\activego\engine.go:1397.21,1400.21 3 0
github.com\Chronokeeper\activego\engine.go:1400.21,1403.18 3 0
github.com\Chronokeeper\activego\engine.go:1403.18,1405.5 1 0
github.com\Chronokeeper\activego\engine.go:1415.53,1417.20 1 0
github.com\Chronokeeper\activego\engine.go:1420.2,1420.10 1 0
github.com\Chronokeeper\activego\engine.go:1417.20,1419.3 1 0
github.com\Chronokeeper\activego\engine.go:1423.63,1426.2 2 0
github.com\Chronokeeper\activego\engine.go:1428.77,1431.2 2 0
github.com\Chronokeeper\activego\engine.go:1433.83,1434.44 1 0
github.com\Chronokeeper\activego\engine.go:1437.2,1437.21 1 0
github.com\Chronokeeper\activego\engine.go:1464.2,1464.8 1 0
github.com\Chronokeeper\activego\engine.go:1434.44,1436.3 1 0
github.com\Chronokeeper\activego\engine.go:1438.2,1440.15 2 0
github.com\Chronokeeper\activego\engine.go:1441.2,1442.44 1 0
github.com\Chronokeeper\activego\engine.go:1443.2,1444.38 1 0
github.com\Chronokeeper\activego\engine.go:1451.2,1452.44 1 0
github.com\Chronokeeper\activego\engine.go:1459.2,1460.30 1 0
github.com\Chronokeeper\activego\engine.go:1461.2,1462.23 1 0
github.com\Chronokeeper\activego\engine.go:1444.38,1446.4 1 0
github.com\Chronokeeper\activego\engine.go:1446.4,1446.50 1 0
github.com\Chronokeeper\activego\engine.go:1446.50,1448.4 1 0
github.com\Chronokeeper\activego\engine.go:1448.4,1450.4 1 0
github.com\Chronokeeper\activego\engine.go:1452.44,1454.4 1 0
github.com\Chronokeeper\activego\engine.go:1454.4,1454.44 1 0
github.com\Chronokeeper\activego\engine.go:1454.44,1456.4 1 0
github.com\Chronokeeper\activego\engine.go:1456.4,1458.4 1 0
github.com\Chronokeeper\activego\engine.go:1468.43,1472.2 3 0
github.com\Chronokeeper\activego\mysql_dialect.go:180.91,182.2 1 0
github.com\Chronokeeper\activego\mysql_dialect.go:184.49,186.32 2 0
github.com\Chronokeeper\activego\mysql_dialect.go:234.2,237.48 3 0
github.com\Chronokeeper\activego\mysql_dialect.go:242.2,242.13 1 0
github.com\Chronokeeper\activego\mysql_dialect.go:247.2,247.12 1 0
github.com\Chronokeeper\activego\mysql_dialect.go:187.2,189.15 2 0
github.com\Chronokeeper\activego\mysql_dialect.go:190.2,194.17 4 0
github.com\Chronokeeper\activego\mysql_dialect.go:195.2,199.20 4 0
github.com\Chronokeeper\activego\mysql_dialect.go:200.2,201.18 1 0
github.com\Chronokeeper\activego\mysql_dialect.go:202.2,204.16 2 0
github.com\Chronokeeper\activego\mysql_dialect.go:205.2,209.35 4 0
github.com\Chronokeeper\activego\mysql_dialect.go:212.3,213.13 2 0
github.com\Chronokeeper\activego\mysql_dialect.go:214.2,218.34 4 0
github.com\Chronokeeper\activego\mysql_dialect.go:221.3,222.13 2 0
github.com\Chronokeeper\activego\mysql_dialect.go:223.2,224.21 1 0
github.com\Chronokeeper\activego\mysql_dialect.go:225.2,227.16 2 0
github.com\Chronokeeper\activego\mysql_dialect.go:228.2,229.18 1 0
github.com\Chronokeeper\activego\mysql_dialect.go:230.2,231.10 1 0
github.com\Chronokeeper\activego\mysql_dialect.go:209.35,211.4 1 0
github.com\Chronokeeper\activego\mysql_dialect.go:218.34,220.4 1 0
github.com\Chronokeeper\activego\mysql_dialect.go:237.48,240.3 2 0
github.com\Chronokeeper\activego\mysql_dialect.go:242.13,244.3 1 0
github.com\Chronokeeper\activego\mysql_dialect.go:244.3,244.20 1 0
github.com\Chronokeeper\activego\mysql_dialect.go:244.20,246.3 1 0
github.com\Chronokeeper\activego\mysql_dialect.go:250.43,252.2 1 0
github.com\Chronokeeper\activego\mysql_dialect.go:254.47,257.2 2 0
github.com\Chronokeeper\activego\mysql_dialect.go:259.44,261.2 1 0
github.com\Chronokeeper\activego\mysql_dialect.go:263.36,265.2 1 0
github.com\Chronokeeper\activego\mysql_dialect.go:267.39,269.2 1 0
github.com\Chronokeeper\activego\mysql_dialect.go:271.39,273.2 1 0
github.com\Chronokeeper\activego\mysql_dialect.go:275.40,277.2 1 0
github.com\Chronokeeper\activego\mysql_dialect.go:279.38,281.2 1 0
github.com\Chronokeeper\activego\mysql_dialect.go:283.83,288.2 4 0
github.com\Chronokeeper\activego\mysql_dialect.go:296.74,300.2 3 0
github.com\Chronokeeper\activego\mysql_dialect.go:302.90,308.22 4 0
github.com\Chronokeeper\activego\mysql_dialect.go:312.2,312.16 1 0
github.com\Chronokeeper\activego\mysql_dialect.go:315.2,319.18 4 0
github.com\Chronokeeper\activego\mysql_dialect.go:411.2,411.26 1 0
github.com\Chronokeeper\activego\mysql_dialect.go:308.22,310.3 1 0
github.com\Chronokeeper\activego\mysql_dialect.go:312.16,314.3 1 0
github.com\Chronokeeper\activego\mysql_dialect.go:319.18,326.17 6 0
github.com\Chronokeeper\activego\mysql_dialect.go:329.3,330.26 2 0
github.com\Chronokeeper\activego\mysql_dialect.go:334.3,334.24 1 0
github.com\Chronokeeper\activego\mysql_dialect.go:341.3,345.20 5 0
github.com\Chronokeeper\activego\mysql_dialect.go:377.3,377.34 1 0
github.com\Chronokeeper\activego\mysql_dialect.go:380.3,382.42 3 0
github.com\Chronokeeper\activego\mysql_dialect.go:388.3,388.22 1 0
github.com\Chronokeeper\activego\mysql_dialect.go:391.3,391.22 1 0
github.com\Chronokeeper\activego\mysql_dialect.go:395.3,395.32 1 0
github.com\Chronokeeper\activego\mysql_dialect.go:399.3,399.51 1 0
github.com\Chronokeeper\activego\mysql_dialect.go:408.3,409.36 2 0
github.com\Chronokeeper\activego\mysql_dialect.go:326.17,328.4 1 0
github.com\Chronokeeper\activego\mysql_dialect.go:330.26,332.4 1 0
github.com\Chronokeeper\activego\mysql_dialect.go:334.24,336.25 2 0
github.com\Chronokeeper\activego\mysql_dialect.go:336.25,338.5 1 0
github.com\Chronokeeper\activego\mysql_dialect.go:345.20,347.49 2 0
github.com\Chronokeeper\activego\mysql_dialect.go:347.49,350.31 3 0
github.com\Chronokeeper\activego\mysql_dialect.go:350.31,354.6 3 0
github.com\Chronokeeper\activego\mysql_dialect.go:355.5,355.55 1 0
github.com\Chronokeeper\activego\mysql_dialect.go:355.55,358.31 3 0
github.com\Chronokeeper\activego\mysql_dialect.go:358.31,362.6 3 0
github.com\Chronokeeper\activego\mysql_dialect.go:363.5,366.19 3 0
github.com\Chronokeeper\activego\mysql_dialect.go:369.5,369.23 1 0
github.com\Chronokeeper\activego\mysql_dialect.go:366.19,368.6 1 0
github.com\Chronokeeper\activego\mysql_dialect.go:369.23,371.20 2 0
github.com\Chronokeeper\activego\mysql_dialect.go:371.20,373.7 1 0
github.com\Chronokeeper\activego\mysql_dialect.go:377.34,379.4 1 0
github.com\Chronokeeper\activego\mysql_dialect.go:382.42,384.4 1 0
github.com\Chronokeeper\activego\mysql_dialect.go:384.4,386.4 1 0
github.com\Chronokeeper\activego\mysql_dialect.go:388.22,390.4 1 0
github.com\Chronokeeper\activego\mysql_dialect.go:391.22,393.4 0 0
github.com\Chronokeeper\activego\mysql_dialect.go:395.32,397.4 1 0
github.com\Chronokeeper\activego\mysql_dialect.go:399.51,400.25 1 0
github.com\Chronokeeper\activego\mysql_dialect.go:400.25,402.5 1 0
github.com\Chronokeeper\activego\mysql_dialect.go:402.5,403.27 1 0
github.com\Chronokeeper\activego\mysql_dialect.go:403.27,405.6 1 0
github.com\Chronokeeper\activego\mysql_dialect.go:414.53,420.22 4 0
github.com\Chronokeeper\activego\mysql_dialect.go:423.2,423.16 1 0
github.com\Chronokeeper\activego\mysql_dialect.go:426.2,429.18 3 0
github.com\Chronokeeper\activego\mysql_dialect.go:442.2,442.20 1 0
github.com\Chronokeeper\activego\mysql_dialect.go:420.22,422.3 1 0
github.com\Chronokeeper\activego\mysql_dialect.go:423.16,425.3 1 0
github.com\Chronokeeper\activego\mysql_dialect.go:429.18,434.17 5 0
github.com\Chronokeeper\activego\mysql_dialect.go:438.3,440.33 3 0
github.com\Chronokeeper\activego\mysql_dialect.go:434.17,436.4 1 0
github.com\Chronokeeper\activego\mysql_dialect.go:445.79,450.22 4 0
github.com\Chronokeeper\activego\mysql_dialect.go:453.2,453.16 1 0
github.com\Chronokeeper\activego\mysql_dialect.go:456.2,459.18 3 0
github.com\Chronokeeper\activego\mysql_dialect.go:495.2,495.21 1 0
github.com\Chronokeeper\activego\mysql_dialect.go:450.22,452.3 1 0
github.com\Chronokeeper\activego\mysql_dialect.go:453.16,455.3 1 0
github.com\Chronokeeper\activego\mysql_dialect.go:459.18,463.17 4 0
github.com\Chronokeeper\activego\mysql_dialect.go:467.3,467.29 1 0
github.com\Chronokeeper\activego\mysql_dialect.go:471.3,471.45 1 0
github.com\Chronokeeper\activego\mysql_dialect.go:477.3,479.103 3 0
github.com\Chronokeeper\activego\mysql_dialect.go:484.3,486.42 3 0
github.com\Chronokeeper\activego\mysql_dialect.go:493.3,493.27 1 0
github.com\Chronokeeper\activego\mysql_dialect.go:463.17,465.4 1 0
github.com\Chronokeeper\activego\mysql_dialect.go:467.29,468.12 1 0
github.com\Chronokeeper\activego\mysql_dialect.go:471.45,473.4 1 0
github.com\Chronokeeper\activego\mysql_dialect.go:473.4,475.4 1 0
github.com\Chronokeeper\activego\mysql_dialect.go:479.103,482.4 2 0
github.com\Chronokeeper\activego\mysql_dialect.go:486.42,492.4 5 0
github.com\Chronokeeper\activego\mysql_dialect.go:498.42,500.2 1 0
github.com\Chronokeeper\activego\pq_driver.go:26.35,28.2 1 1
github.com\Chronokeeper\activego\pq_driver.go:30.43,32.2 1 1
github.com\Chronokeeper\activego\pq_driver.go:34.44,36.2 1 0
github.com\Chronokeeper\activego\pq_driver.go:38.47,40.16 2 1
github.com\Chronokeeper\activego\pq_driver.go:44.2,44.28 1 1
github.com\Chronokeeper\activego\pq_driver.go:48.2,50.30 3 1
github.com\Chronokeeper\activego\pq_driver.go:56.2,56.19 1 1
github.com\Chronokeeper\activego\pq_driver.go:64.2,65.11 2 1
github.com\Chronokeeper\activego\pq_driver.go:72.2,72.18 1 1
github.com\Chronokeeper\activego\pq_driver.go:76.2,77.19 2 1
github.com\Chronokeeper\activego\pq_driver.go:81.2,82.36 2 1
github.com\Chronokeeper\activego\pq_driver.go:40.16,42.3 1 0
github.com\Chronokeeper\activego\pq_driver.go:44.28,46.3 1 0
github.com\Chronokeeper\activego\pq_driver.go:50.30,51.14 1 1
github.com\Chronokeeper\activego\pq_driver.go:51.14,53.4 1 1
github.com\Chronokeeper\activego\pq_driver.go:56.19,62.3 4 1
github.com\Chronokeeper\activego\pq_driver.go:65.11,67.3 1 0
github.com\Chronokeeper\activego\pq_driver.go:67.3,70.3 2 1
github.com\Chronokeeper\activego\pq_driver.go:72.18,74.3 1 1
github.com\Chronokeeper\activego\pq_driver.go:77.19,79.3 1 1
github.com\Chronokeeper\activego\pq_driver.go:85.39,86.20 1 1
github.com\Chronokeeper\activego\pq_driver.go:90.2,93.23 3 1
github.com\Chronokeeper\activego\pq_driver.go:86.20,88.3 1 0
github.com\Chronokeeper\activego\pq_driver.go:93.23,95.18 2 1
github.com\Chronokeeper\activego\pq_driver.go:98.3,98.22 1 1
github.com\Chronokeeper\activego\pq_driver.go:95.18,97.4 1 0
github.com\Chronokeeper\activego\pq_driver.go:102.80,106.54 4 1
github.com\Chronokeeper\activego\pq_driver.go:112.2,115.21 3 1
github.com\Chronokeeper\activego\pq_driver.go:118.2,118.16 1 1
github.com\Chronokeeper\activego\pq_driver.go:106.54,108.17 2 1
github.com\Chronokeeper\activego\pq_driver.go:108.17,110.4 1 0
github.com\Chronokeeper\activego\pq_driver.go:115.21,117.3 1 0
github.com\Chronokeeper\activego\rows.go:27.65,37.41 8 0
github.com\Chronokeeper\activego\rows.go:44.2,44.63 1 0
github.com\Chronokeeper\activego\rows.go:48.2,51.16 4 0
github.com\Chronokeeper\activego\rows.go:57.2,58.16 2 0
github.com\Chronokeeper\activego\rows.go:64.2,65.16 2 0
github.com\Chronokeeper\activego\rows.go:70.2,72.18 2 0
github.com\Chronokeeper\activego\rows.go:37.41,39.3 1 0
github.com\Chronokeeper\activego\rows.go:39.3,42.3 2 0
github.com\Chronokeeper\activego\rows.go:44.63,46.3 1 0
github.com\Chronokeeper\activego\rows.go:51.16,55.3 3 0
github.com\Chronokeeper\activego\rows.go:58.16,62.3 3 0
github.com\Chronokeeper\activego\rows.go:65.16,69.3 3 0
github.com\Chronokeeper\activego\rows.go:76.31,77.47 1 0
github.com\Chronokeeper\activego\rows.go:84.2,84.14 1 0
github.com\Chronokeeper\activego\rows.go:77.47,79.15 2 0
github.com\Chronokeeper\activego\rows.go:82.3,82.17 1 0
github.com\Chronokeeper\activego\rows.go:79.15,81.4 1 0
github.com\Chronokeeper\activego\rows.go:88.31,90.2 1 0
github.com\Chronokeeper\activego\rows.go:93.48,94.27 1 0
github.com\Chronokeeper\activego\rows.go:98.2,98.90 1 0
github.com\Chronokeeper\activego\rows.go:102.2,102.78 1 0
github.com\Chronokeeper\activego\rows.go:94.27,96.3 1 0
github.com\Chronokeeper\activego\rows.go:98.90,100.3 1 0
github.com\Chronokeeper\activego\rows.go:120.33,121.30 1 0
github.com\Chronokeeper\activego\rows.go:125.2,125.27 1 0
github.com\Chronokeeper\activego\rows.go:144.2,144.23 1 0
github.com\Chronokeeper\activego\rows.go:121.30,123.3 1 0
github.com\Chronokeeper\activego\rows.go:125.27,126.23 1 0
github.com\Chronokeeper\activego\rows.go:133.3,133.23 1 0
github.com\Chronokeeper\activego\rows.go:126.23,128.29 2 0
github.com\Chronokeeper\activego\rows.go:128.29,131.5 2 0
github.com\Chronokeeper\activego\rows.go:133.23,135.4 1 0
github.com\Chronokeeper\activego\rows.go:136.3,137.23 1 0
github.com\Chronokeeper\activego\rows.go:140.3,140.23 1 0
github.com\Chronokeeper\activego\rows.go:137.23,139.4 1 0
github.com\Chronokeeper\activego\rows.go:140.23,142.4 1 0
github.com\Chronokeeper\activego\sqlite3_driver.go:18.85,20.2 1 0
github.com\Chronokeeper\activego\mymysql_driver.go:22.85,26.18 3 0
github.com\Chronokeeper\activego\mymysql_driver.go:60.2,61.19 2 0
github.com\Chronokeeper\activego\mymysql_driver.go:64.2,68.16 4 0
github.com\Chronokeeper\activego\mymysql_driver.go:26.18,29.18 2 0
github.com\Chronokeeper\activego\mymysql_driver.go:32.3,35.33 4 0
github.com\Chronokeeper\activego\mymysql_driver.go:57.3,57.14 1 0
github.com\Chronokeeper\activego\mymysql_driver.go:29.18,31.4 1 0
github.com\Chronokeeper\activego\mymysql_driver.go:35.33,38.20 3 0
github.com\Chronokeeper\activego\mymysql_driver.go:43.4,43.13 1 0
github.com\Chronokeeper\activego\mymysql_driver.go:38.20,40.5 1 0
github.com\Chronokeeper\activego\mymysql_driver.go:40.5,42.5 1 0
github.com\Chronokeeper\activego\mymysql_driver.go:44.4,45.17 1 0
github.com\Chronokeeper\activego\mymysql_driver.go:46.4,48.19 2 0
github.com\Chronokeeper\activego\mymysql_driver.go:51.5,51.20 1 0
github.com\Chronokeeper\activego\mymysql_driver.go:52.4,53.51 1 0
github.com\Chronokeeper\activego\mymysql_driver.go:48.19,50.6 1 0
github.com\Chronokeeper\activego\mymysql_driver.go:61.19,63.3 1 0
github.com\Chronokeeper\activego\mssql_dialect.go:214.91,216.2 1 0
github.com\Chronokeeper\activego\mssql_dialect.go:218.49,220.32 2 0
github.com\Chronokeeper\activego\mssql_dialect.go:253.2,253.21 1 0
github.com\Chronokeeper\activego\mssql_dialect.go:257.2,259.13 3 0
github.com\Chronokeeper\activego\mssql_dialect.go:264.2,264.12 1 0
github.com\Chronokeeper\activego\mssql_dialect.go:221.2,222.21 1 0
github.com\Chronokeeper\activego\mssql_dialect.go:223.2,227.17 4 0
github.com\Chronokeeper\activego\mssql_dialect.go:228.2,232.20 4 0
github.com\Chronokeeper\activego\mssql_dialect.go:233.2,235.20 2 0
github.com\Chronokeeper\activego\mssql_dialect.go:238.2,239.22 1 0
github.com\Chronokeeper\activego\mssql_dialect.go:240.2,242.15 2 0
github.com\Chronokeeper\activego\mssql_dialect.go:243.2,244.17 1 0
github.com\Chronokeeper\activego\mssql_dialect.go:245.2,246.18 1 0
github.com\Chronokeeper\activego\mssql_dialect.go:247.2,248.18 1 0
github.com\Chronokeeper\activego\mssql_dialect.go:249.2,250.10 1 0
github.com\Chronokeeper\activego\mssql_dialect.go:235.20,237.4 1 0
github.com\Chronokeeper\activego\mssql_dialect.go:253.21,255.3 1 0
github.com\Chronokeeper\activego\mssql_dialect.go:259.13,261.3 1 0
github.com\Chronokeeper\activego\mssql_dialect.go:261.3,261.20 1 0
github.com\Chronokeeper\activego\mssql_dialect.go:261.20,263.3 1 0
github.com\Chronokeeper\activego\mssql_dialect.go:267.43,269.2 1 0
github.com\Chronokeeper\activego\mssql_dialect.go:271.47,274.2 2 0
github.com\Chronokeeper\activego\mssql_dialect.go:276.44,278.2 1 0
github.com\Chronokeeper\activego\mssql_dialect.go:280.36,282.2 1 0
github.com\Chronokeeper\activego\mssql_dialect.go:284.39,286.2 1 0
github.com\Chronokeeper\activego\mssql_dialect.go:288.39,290.2 1 0
github.com\Chronokeeper\activego\mssql_dialect.go:292.56,296.2 1 0
github.com\Chronokeeper\activego\mssql_dialect.go:298.40,300.2 1 0
github.com\Chronokeeper\activego\mssql_dialect.go:302.38,304.2 1 0
github.com\Chronokeeper\activego\mssql_dialect.go:306.83,310.2 3 0
github.com\Chronokeeper\activego\mssql_dialect.go:318.82,322.2 2 0
github.com\Chronokeeper\activego\mssql_dialect.go:324.74,328.2 3 0
github.com\Chronokeeper\activego\mssql_dialect.go:330.90,337.16 4 0
github.com\Chronokeeper\activego\mssql_dialect.go:340.2,344.18 4 0
github.com\Chronokeeper\activego\mssql_dialect.go:386.2,386.26 1 0
github.com\Chronokeeper\activego\mssql_dialect.go:337.16,339.3 1 0
github.com\Chronokeeper\activego\mssql_dialect.go:344.18,348.17 4 0
github.com\Chronokeeper\activego\mssql_dialect.go:352.3,358.13 6 0
github.com\Chronokeeper\activego\mssql_dialect.go:374.3,374.51 1 0
github.com\Chronokeeper\activego\mssql_dialect.go:383.3,384.36 2 0
github.com\Chronokeeper\activego\mssql_dialect.go:348.17,350.4 1 0
github.com\Chronokeeper\activego\mssql_dialect.go:359.3,360.53 1 0
github.com\Chronokeeper\activego\mssql_dialect.go:361.3,362.51 1 0
github.com\Chronokeeper\activego\mssql_dialect.go:363.3,364.52 1 0
github.com\Chronokeeper\activego\mssql_dialect.go:365.3,366.38 1 0
github.com\Chronokeeper\activego\mssql_dialect.go:366.38,368.5 1 0
github.com\Chronokeeper\activego\mssql_dialect.go:368.5,371.5 1 0
github.com\Chronokeeper\activego\mssql_dialect.go:374.51,375.25 1 0
github.com\Chronokeeper\activego\mssql_dialect.go:375.25,377.5 1 0
github.com\Chronokeeper\activego\mssql_dialect.go:377.5,378.27 1 0
github.com\Chronokeeper\activego\mssql_dialect.go:378.27,380.6 1 0
github.com\Chronokeeper\activego\mssql_dialect.go:389.53,394.16 4 0
github.com\Chronokeeper\activego\mssql_dialect.go:397.2,400.18 3 0
github.com\Chronokeeper\activego\mssql_dialect.go:410.2,410.20 1 0
github.com\Chronokeeper\activego\mssql_dialect.go:394.16,396.3 1 0
github.com\Chronokeeper\activego\mssql_dialect.go:400.18,404.17 4 0
github.com\Chronokeeper\activego\mssql_dialect.go:407.3,408.33 2 0
github.com\Chronokeeper\activego\mssql_dialect.go:404.17,406.4 1 0
github.com\Chronokeeper\activego\mssql_dialect.go:413.79,428.16 4 0
github.com\Chronokeeper\activego\mssql_dialect.go:431.2,434.18 3 0
github.com\Chronokeeper\activego\mssql_dialect.go:470.2,470.21 1 0
github.com\Chronokeeper\activego\mssql_dialect.go:428.16,430.3 1 0
github.com\Chronokeeper\activego\mssql_dialect.go:434.18,439.17 4 0
github.com\Chronokeeper\activego\mssql_dialect.go:443.3,444.17 2 0
github.com\Chronokeeper\activego\mssql_dialect.go:448.3,448.8 1 0
github.com\Chronokeeper\activego\mssql_dialect.go:454.3,456.103 2 0
github.com\Chronokeeper\activego\mssql_dialect.go:460.3,462.42 3 0
github.com\Chronokeeper\activego\mssql_dialect.go:468.3,468.27 1 0
github.com\Chronokeeper\activego\mssql_dialect.go:439.17,441.4 1 0
github.com\Chronokeeper\activego\mssql_dialect.go:444.17,446.4 1 0
github.com\Chronokeeper\activego\mssql_dialect.go:448.8,450.4 1 0
github.com\Chronokeeper\activego\mssql_dialect.go:450.4,452.4 1 0
github.com\Chronokeeper\activego\mssql_dialect.go:456.103,458.4 1 0
github.com\Chronokeeper\activego\mssql_dialect.go:462.42,467.4 4 0
github.com\Chronokeeper\activego\mssql_dialect.go:473.99,475.21 2 0
github.com\Chronokeeper\activego\mssql_dialect.go:479.2,485.45 4 0
github.com\Chronokeeper\activego\mssql_dialect.go:496.2,496.21 1 0
github.com\Chronokeeper\activego\mssql_dialect.go:502.2,504.12 3 0
github.com\Chronokeeper\activego\mssql_dialect.go:475.21,477.3 1 0
github.com\Chronokeeper\activego\mssql_dialect.go:485.45,487.43 2 0
github.com\Chronokeeper\activego\mssql_dialect.go:492.3,493.14 2 0
github.com\Chronokeeper\activego\mssql_dialect.go:487.43,489.4 1 0
github.com\Chronokeeper\activego\mssql_dialect.go:489.4,491.4 1 0
github.com\Chronokeeper\activego\mssql_dialect.go:496.21,500.3 3 0
github.com\Chronokeeper\activego\mssql_dialect.go:507.42,509.2 1 0
